ERROR - 2021-02-26 08:41:38 --> mysqli_sql_exception: Column 'pengirim' cannot be null in D:\xampp\htdocs\ci4\vendor\codeigniter4\framework\system\Database\MySQLi\Connection.php:314
Stack trace:
#0 D:\xampp\htdocs\ci4\vendor\codeigniter4\framework\system\Database\MySQLi\Connection.php(314): mysqli->query('INSERT INTO `su...')
#1 D:\xampp\htdocs\ci4\vendor\codeigniter4\framework\system\Database\BaseConnection.php(713): CodeIgniter\Database\MySQLi\Connection->execute('INSERT INTO `su...')
#2 D:\xampp\htdocs\ci4\vendor\codeigniter4\framework\system\Database\BaseConnection.php(641): CodeIgniter\Database\BaseConnection->simpleQuery('INSERT INTO `su...')
#3 D:\xampp\htdocs\ci4\vendor\codeigniter4\framework\system\Database\BaseBuilder.php(2263): CodeIgniter\Database\BaseConnection->query('INSERT INTO `su...', Array, false)
#4 D:\xampp\htdocs\ci4\vendor\codeigniter4\framework\system\Model.php(278): CodeIgniter\Database\BaseBuilder->insert()
#5 D:\xampp\htdocs\ci4\vendor\codeigniter4\framework\system\BaseModel.php(758): CodeIgniter\Model->doInsert(Array)
#6 D:\xampp\htdocs\ci4\vendor\codeigniter4\framework\system\Model.php(705): CodeIgniter\BaseModel->insert(Array, false)
#7 D:\xampp\htdocs\ci4\vendor\codeigniter4\framework\system\BaseModel.php(667): CodeIgniter\Model->insert(Array, false)
#8 D:\xampp\htdocs\ci4\app\Controllers\Admin\SuratMasuk.php(110): CodeIgniter\BaseModel->save(Array)
#9 D:\xampp\htdocs\ci4\vendor\codeigniter4\framework\system\CodeIgniter.php(936): App\Controllers\Admin\SuratMasuk->store()
#10 D:\xampp\htdocs\ci4\vendor\codeigniter4\framework\system\CodeIgniter.php(432): CodeIgniter\CodeIgniter->runController(Object(App\Controllers\Admin\SuratMasuk))
#11 D:\xampp\htdocs\ci4\vendor\codeigniter4\framework\system\CodeIgniter.php(333): CodeIgniter\CodeIgniter->handleRequest(NULL, Object(Config\Cache), false)
#12 D:\xampp\htdocs\ci4\public\index.php(44): CodeIgniter\CodeIgniter->run()
#13 D:\xampp\htdocs\ci4\vendor\codeigniter4\framework\system\Commands\Server\rewrite.php(45): require_once('D:\\xampp\\htdocs...')
#14 {main}
CRITICAL - 2021-02-26 08:41:38 --> Column 'pengirim' cannot be null
#0 D:\xampp\htdocs\ci4\vendor\codeigniter4\framework\system\Database\MySQLi\Connection.php(314): mysqli->query('INSERT INTO `su...')
#1 D:\xampp\htdocs\ci4\vendor\codeigniter4\framework\system\Database\BaseConnection.php(713): CodeIgniter\Database\MySQLi\Connection->execute('INSERT INTO `su...')
#2 D:\xampp\htdocs\ci4\vendor\codeigniter4\framework\system\Database\BaseConnection.php(641): CodeIgniter\Database\BaseConnection->simpleQuery('INSERT INTO `su...')
#3 D:\xampp\htdocs\ci4\vendor\codeigniter4\framework\system\Database\BaseBuilder.php(2263): CodeIgniter\Database\BaseConnection->query('INSERT INTO `su...', Array, false)
#4 D:\xampp\htdocs\ci4\vendor\codeigniter4\framework\system\Model.php(278): CodeIgniter\Database\BaseBuilder->insert()
#5 D:\xampp\htdocs\ci4\vendor\codeigniter4\framework\system\BaseModel.php(758): CodeIgniter\Model->doInsert(Array)
#6 D:\xampp\htdocs\ci4\vendor\codeigniter4\framework\system\Model.php(705): CodeIgniter\BaseModel->insert(Array, false)
#7 D:\xampp\htdocs\ci4\vendor\codeigniter4\framework\system\BaseModel.php(667): CodeIgniter\Model->insert(Array, false)
#8 D:\xampp\htdocs\ci4\app\Controllers\Admin\SuratMasuk.php(110): CodeIgniter\BaseModel->save(Array)
#9 D:\xampp\htdocs\ci4\vendor\codeigniter4\framework\system\CodeIgniter.php(936): App\Controllers\Admin\SuratMasuk->store()
#10 D:\xampp\htdocs\ci4\vendor\codeigniter4\framework\system\CodeIgniter.php(432): CodeIgniter\CodeIgniter->runController(Object(App\Controllers\Admin\SuratMasuk))
#11 D:\xampp\htdocs\ci4\vendor\codeigniter4\framework\system\CodeIgniter.php(333): CodeIgniter\CodeIgniter->handleRequest(NULL, Object(Config\Cache), false)
#12 D:\xampp\htdocs\ci4\public\index.php(44): CodeIgniter\CodeIgniter->run()
#13 D:\xampp\htdocs\ci4\vendor\codeigniter4\framework\system\Commands\Server\rewrite.php(45): require_once('D:\\xampp\\htdocs...')
#14 {main}
ERROR - 2021-02-26 08:42:26 --> mysqli_sql_exception: Column 'pengirim' cannot be null in D:\xampp\htdocs\ci4\vendor\codeigniter4\framework\system\Database\MySQLi\Connection.php:314
Stack trace:
#0 D:\xampp\htdocs\ci4\vendor\codeigniter4\framework\system\Database\MySQLi\Connection.php(314): mysqli->query('INSERT INTO `su...')
#1 D:\xampp\htdocs\ci4\vendor\codeigniter4\framework\system\Database\BaseConnection.php(713): CodeIgniter\Database\MySQLi\Connection->execute('INSERT INTO `su...')
#2 D:\xampp\htdocs\ci4\vendor\codeigniter4\framework\system\Database\BaseConnection.php(641): CodeIgniter\Database\BaseConnection->simpleQuery('INSERT INTO `su...')
#3 D:\xampp\htdocs\ci4\vendor\codeigniter4\framework\system\Database\BaseBuilder.php(2263): CodeIgniter\Database\BaseConnection->query('INSERT INTO `su...', Array, false)
#4 D:\xampp\htdocs\ci4\vendor\codeigniter4\framework\system\Model.php(278): CodeIgniter\Database\BaseBuilder->insert()
#5 D:\xampp\htdocs\ci4\vendor\codeigniter4\framework\system\BaseModel.php(758): CodeIgniter\Model->doInsert(Array)
#6 D:\xampp\htdocs\ci4\vendor\codeigniter4\framework\system\Model.php(705): CodeIgniter\BaseModel->insert(Array, false)
#7 D:\xampp\htdocs\ci4\vendor\codeigniter4\framework\system\BaseModel.php(667): CodeIgniter\Model->insert(Array, false)
#8 D:\xampp\htdocs\ci4\app\Controllers\Admin\SuratMasuk.php(110): CodeIgniter\BaseModel->save(Array)
#9 D:\xampp\htdocs\ci4\vendor\codeigniter4\framework\system\CodeIgniter.php(936): App\Controllers\Admin\SuratMasuk->store()
#10 D:\xampp\htdocs\ci4\vendor\codeigniter4\framework\system\CodeIgniter.php(432): CodeIgniter\CodeIgniter->runController(Object(App\Controllers\Admin\SuratMasuk))
#11 D:\xampp\htdocs\ci4\vendor\codeigniter4\framework\system\CodeIgniter.php(333): CodeIgniter\CodeIgniter->handleRequest(NULL, Object(Config\Cache), false)
#12 D:\xampp\htdocs\ci4\public\index.php(44): CodeIgniter\CodeIgniter->run()
#13 D:\xampp\htdocs\ci4\vendor\codeigniter4\framework\system\Commands\Server\rewrite.php(45): require_once('D:\\xampp\\htdocs...')
#14 {main}
CRITICAL - 2021-02-26 08:42:26 --> Column 'pengirim' cannot be null
#0 D:\xampp\htdocs\ci4\vendor\codeigniter4\framework\system\Database\MySQLi\Connection.php(314): mysqli->query('INSERT INTO `su...')
#1 D:\xampp\htdocs\ci4\vendor\codeigniter4\framework\system\Database\BaseConnection.php(713): CodeIgniter\Database\MySQLi\Connection->execute('INSERT INTO `su...')
#2 D:\xampp\htdocs\ci4\vendor\codeigniter4\framework\system\Database\BaseConnection.php(641): CodeIgniter\Database\BaseConnection->simpleQuery('INSERT INTO `su...')
#3 D:\xampp\htdocs\ci4\vendor\codeigniter4\framework\system\Database\BaseBuilder.php(2263): CodeIgniter\Database\BaseConnection->query('INSERT INTO `su...', Array, false)
#4 D:\xampp\htdocs\ci4\vendor\codeigniter4\framework\system\Model.php(278): CodeIgniter\Database\BaseBuilder->insert()
#5 D:\xampp\htdocs\ci4\vendor\codeigniter4\framework\system\BaseModel.php(758): CodeIgniter\Model->doInsert(Array)
#6 D:\xampp\htdocs\ci4\vendor\codeigniter4\framework\system\Model.php(705): CodeIgniter\BaseModel->insert(Array, false)
#7 D:\xampp\htdocs\ci4\vendor\codeigniter4\framework\system\BaseModel.php(667): CodeIgniter\Model->insert(Array, false)
#8 D:\xampp\htdocs\ci4\app\Controllers\Admin\SuratMasuk.php(110): CodeIgniter\BaseModel->save(Array)
#9 D:\xampp\htdocs\ci4\vendor\codeigniter4\framework\system\CodeIgniter.php(936): App\Controllers\Admin\SuratMasuk->store()
#10 D:\xampp\htdocs\ci4\vendor\codeigniter4\framework\system\CodeIgniter.php(432): CodeIgniter\CodeIgniter->runController(Object(App\Controllers\Admin\SuratMasuk))
#11 D:\xampp\htdocs\ci4\vendor\codeigniter4\framework\system\CodeIgniter.php(333): CodeIgniter\CodeIgniter->handleRequest(NULL, Object(Config\Cache), false)
#12 D:\xampp\htdocs\ci4\public\index.php(44): CodeIgniter\CodeIgniter->run()
#13 D:\xampp\htdocs\ci4\vendor\codeigniter4\framework\system\Commands\Server\rewrite.php(45): require_once('D:\\xampp\\htdocs...')
#14 {main}
