CRITICAL - 2021-03-05 04:56:58 --> Constant expression contains invalid operations
#0 [internal function]: CodeIgniter\Debug\Exceptions->shutdownHandler()
#1 {main}
CRITICAL - 2021-03-05 04:57:13 --> Constant expression contains invalid operations
#0 [internal function]: CodeIgniter\Debug\Exceptions->shutdownHandler()
#1 {main}
CRITICAL - 2021-03-05 04:57:39 --> Undefined variable: builder
#0 D:\xampp\htdocs\ci4\app\Models\UserModel.php(27): CodeIgniter\Debug\Exceptions->errorHandler(8, 'Undefined varia...', 'D:\\xampp\\htdocs...', 27, Array)
#1 D:\xampp\htdocs\ci4\app\Controllers\Admin\Dashboard.php(33): App\Models\UserModel->getUsers()
#2 D:\xampp\htdocs\ci4\vendor\codeigniter4\framework\system\CodeIgniter.php(936): App\Controllers\Admin\Dashboard->getUsers()
#3 D:\xampp\htdocs\ci4\vendor\codeigniter4\framework\system\CodeIgniter.php(432): CodeIgniter\CodeIgniter->runController(Object(App\Controllers\Admin\Dashboard))
#4 D:\xampp\htdocs\ci4\vendor\codeigniter4\framework\system\CodeIgniter.php(333): CodeIgniter\CodeIgniter->handleRequest(NULL, Object(Config\Cache), false)
#5 D:\xampp\htdocs\ci4\public\index.php(44): CodeIgniter\CodeIgniter->run()
#6 D:\xampp\htdocs\ci4\vendor\codeigniter4\framework\system\Commands\Server\rewrite.php(45): require_once('D:\\xampp\\htdocs...')
#7 {main}
CRITICAL - 2021-03-05 04:58:38 --> Undefined variable: builder
#0 D:\xampp\htdocs\ci4\app\Models\UserModel.php(29): CodeIgniter\Debug\Exceptions->errorHandler(8, 'Undefined varia...', 'D:\\xampp\\htdocs...', 29, Array)
#1 D:\xampp\htdocs\ci4\app\Controllers\Admin\Dashboard.php(33): App\Models\UserModel->getUsers()
#2 D:\xampp\htdocs\ci4\vendor\codeigniter4\framework\system\CodeIgniter.php(936): App\Controllers\Admin\Dashboard->getUsers()
#3 D:\xampp\htdocs\ci4\vendor\codeigniter4\framework\system\CodeIgniter.php(432): CodeIgniter\CodeIgniter->runController(Object(App\Controllers\Admin\Dashboard))
#4 D:\xampp\htdocs\ci4\vendor\codeigniter4\framework\system\CodeIgniter.php(333): CodeIgniter\CodeIgniter->handleRequest(NULL, Object(Config\Cache), false)
#5 D:\xampp\htdocs\ci4\public\index.php(44): CodeIgniter\CodeIgniter->run()
#6 D:\xampp\htdocs\ci4\vendor\codeigniter4\framework\system\Commands\Server\rewrite.php(45): require_once('D:\\xampp\\htdocs...')
#7 {main}
CRITICAL - 2021-03-05 04:59:51 --> Undefined variable: table
#0 D:\xampp\htdocs\ci4\app\Models\UserModel.php(28): CodeIgniter\Debug\Exceptions->errorHandler(8, 'Undefined varia...', 'D:\\xampp\\htdocs...', 28, Array)
#1 D:\xampp\htdocs\ci4\app\Controllers\Admin\Dashboard.php(33): App\Models\UserModel->getUsers()
#2 D:\xampp\htdocs\ci4\vendor\codeigniter4\framework\system\CodeIgniter.php(936): App\Controllers\Admin\Dashboard->getUsers()
#3 D:\xampp\htdocs\ci4\vendor\codeigniter4\framework\system\CodeIgniter.php(432): CodeIgniter\CodeIgniter->runController(Object(App\Controllers\Admin\Dashboard))
#4 D:\xampp\htdocs\ci4\vendor\codeigniter4\framework\system\CodeIgniter.php(333): CodeIgniter\CodeIgniter->handleRequest(NULL, Object(Config\Cache), false)
#5 D:\xampp\htdocs\ci4\public\index.php(44): CodeIgniter\CodeIgniter->run()
#6 D:\xampp\htdocs\ci4\vendor\codeigniter4\framework\system\Commands\Server\rewrite.php(45): require_once('D:\\xampp\\htdocs...')
#7 {main}
CRITICAL - 2021-03-05 05:03:34 --> Undefined variable: table
#0 D:\xampp\htdocs\ci4\app\Models\UserModel.php(19): CodeIgniter\Debug\Exceptions->errorHandler(8, 'Undefined varia...', 'D:\\xampp\\htdocs...', 19, Array)
#1 D:\xampp\htdocs\ci4\app\Controllers\Admin\SuratMasuk.php(22): App\Models\UserModel->__construct()
#2 D:\xampp\htdocs\ci4\vendor\codeigniter4\framework\system\CodeIgniter.php(908): App\Controllers\Admin\SuratMasuk->__construct()
#3 D:\xampp\htdocs\ci4\vendor\codeigniter4\framework\system\CodeIgniter.php(422): CodeIgniter\CodeIgniter->createController()
#4 D:\xampp\htdocs\ci4\vendor\codeigniter4\framework\system\CodeIgniter.php(333): CodeIgniter\CodeIgniter->handleRequest(NULL, Object(Config\Cache), false)
#5 D:\xampp\htdocs\ci4\public\index.php(44): CodeIgniter\CodeIgniter->run()
#6 D:\xampp\htdocs\ci4\vendor\codeigniter4\framework\system\Commands\Server\rewrite.php(45): require_once('D:\\xampp\\htdocs...')
#7 {main}
CRITICAL - 2021-03-05 05:03:52 --> Undefined variable: table
#0 D:\xampp\htdocs\ci4\app\Models\UserModel.php(19): CodeIgniter\Debug\Exceptions->errorHandler(8, 'Undefined varia...', 'D:\\xampp\\htdocs...', 19, Array)
#1 D:\xampp\htdocs\ci4\app\Controllers\Admin\SuratMasuk.php(22): App\Models\UserModel->__construct()
#2 D:\xampp\htdocs\ci4\vendor\codeigniter4\framework\system\CodeIgniter.php(908): App\Controllers\Admin\SuratMasuk->__construct()
#3 D:\xampp\htdocs\ci4\vendor\codeigniter4\framework\system\CodeIgniter.php(422): CodeIgniter\CodeIgniter->createController()
#4 D:\xampp\htdocs\ci4\vendor\codeigniter4\framework\system\CodeIgniter.php(333): CodeIgniter\CodeIgniter->handleRequest(NULL, Object(Config\Cache), false)
#5 D:\xampp\htdocs\ci4\public\index.php(44): CodeIgniter\CodeIgniter->run()
#6 D:\xampp\htdocs\ci4\vendor\codeigniter4\framework\system\Commands\Server\rewrite.php(45): require_once('D:\\xampp\\htdocs...')
#7 {main}
CRITICAL - 2021-03-05 05:05:01 --> Undefined variable: table
#0 D:\xampp\htdocs\ci4\app\Models\UserModel.php(20): CodeIgniter\Debug\Exceptions->errorHandler(8, 'Undefined varia...', 'D:\\xampp\\htdocs...', 20, Array)
#1 D:\xampp\htdocs\ci4\app\Controllers\Admin\Dashboard.php(33): App\Models\UserModel->getUsers()
#2 D:\xampp\htdocs\ci4\vendor\codeigniter4\framework\system\CodeIgniter.php(936): App\Controllers\Admin\Dashboard->getUsers()
#3 D:\xampp\htdocs\ci4\vendor\codeigniter4\framework\system\CodeIgniter.php(432): CodeIgniter\CodeIgniter->runController(Object(App\Controllers\Admin\Dashboard))
#4 D:\xampp\htdocs\ci4\vendor\codeigniter4\framework\system\CodeIgniter.php(333): CodeIgniter\CodeIgniter->handleRequest(NULL, Object(Config\Cache), false)
#5 D:\xampp\htdocs\ci4\public\index.php(44): CodeIgniter\CodeIgniter->run()
#6 D:\xampp\htdocs\ci4\vendor\codeigniter4\framework\system\Commands\Server\rewrite.php(45): require_once('D:\\xampp\\htdocs...')
#7 {main}
CRITICAL - 2021-03-05 05:05:19 --> whereNotIn() expects $values to be of type array or closure
#0 D:\xampp\htdocs\ci4\vendor\codeigniter4\framework\system\Database\BaseBuilder.php(897): CodeIgniter\Database\BaseBuilder->_whereIn('1', NULL, true, 'AND ', NULL)
#1 D:\xampp\htdocs\ci4\vendor\codeigniter4\framework\system\Model.php(836): CodeIgniter\Database\BaseBuilder->whereNotIn('1')
#2 D:\xampp\htdocs\ci4\app\Models\UserModel.php(20): CodeIgniter\Model->__call('whereNotIn', Array)
#3 D:\xampp\htdocs\ci4\app\Controllers\Admin\Dashboard.php(33): App\Models\UserModel->getUsers()
#4 D:\xampp\htdocs\ci4\vendor\codeigniter4\framework\system\CodeIgniter.php(936): App\Controllers\Admin\Dashboard->getUsers()
#5 D:\xampp\htdocs\ci4\vendor\codeigniter4\framework\system\CodeIgniter.php(432): CodeIgniter\CodeIgniter->runController(Object(App\Controllers\Admin\Dashboard))
#6 D:\xampp\htdocs\ci4\vendor\codeigniter4\framework\system\CodeIgniter.php(333): CodeIgniter\CodeIgniter->handleRequest(NULL, Object(Config\Cache), false)
#7 D:\xampp\htdocs\ci4\public\index.php(44): CodeIgniter\CodeIgniter->run()
#8 D:\xampp\htdocs\ci4\vendor\codeigniter4\framework\system\Commands\Server\rewrite.php(45): require_once('D:\\xampp\\htdocs...')
#9 {main}
CRITICAL - 2021-03-05 05:05:34 --> whereNotIn() expects $values to be of type array or closure
#0 D:\xampp\htdocs\ci4\vendor\codeigniter4\framework\system\Database\BaseBuilder.php(897): CodeIgniter\Database\BaseBuilder->_whereIn('1', NULL, true, 'AND ', NULL)
#1 D:\xampp\htdocs\ci4\vendor\codeigniter4\framework\system\Model.php(836): CodeIgniter\Database\BaseBuilder->whereNotIn('1')
#2 D:\xampp\htdocs\ci4\app\Models\UserModel.php(20): CodeIgniter\Model->__call('whereNotIn', Array)
#3 D:\xampp\htdocs\ci4\app\Controllers\Admin\Dashboard.php(33): App\Models\UserModel->getUsers()
#4 D:\xampp\htdocs\ci4\vendor\codeigniter4\framework\system\CodeIgniter.php(936): App\Controllers\Admin\Dashboard->getUsers()
#5 D:\xampp\htdocs\ci4\vendor\codeigniter4\framework\system\CodeIgniter.php(432): CodeIgniter\CodeIgniter->runController(Object(App\Controllers\Admin\Dashboard))
#6 D:\xampp\htdocs\ci4\vendor\codeigniter4\framework\system\CodeIgniter.php(333): CodeIgniter\CodeIgniter->handleRequest(NULL, Object(Config\Cache), false)
#7 D:\xampp\htdocs\ci4\public\index.php(44): CodeIgniter\CodeIgniter->run()
#8 D:\xampp\htdocs\ci4\vendor\codeigniter4\framework\system\Commands\Server\rewrite.php(45): require_once('D:\\xampp\\htdocs...')
#9 {main}
CRITICAL - 2021-03-05 05:09:12 --> whereNotIn() expects $values to be of type array or closure
#0 D:\xampp\htdocs\ci4\vendor\codeigniter4\framework\system\Database\BaseBuilder.php(897): CodeIgniter\Database\BaseBuilder->_whereIn('1', NULL, true, 'AND ', NULL)
#1 D:\xampp\htdocs\ci4\vendor\codeigniter4\framework\system\Model.php(836): CodeIgniter\Database\BaseBuilder->whereNotIn('1')
#2 D:\xampp\htdocs\ci4\app\Models\UserModel.php(20): CodeIgniter\Model->__call('whereNotIn', Array)
#3 D:\xampp\htdocs\ci4\app\Controllers\Admin\Dashboard.php(33): App\Models\UserModel->getUsers()
#4 D:\xampp\htdocs\ci4\vendor\codeigniter4\framework\system\CodeIgniter.php(936): App\Controllers\Admin\Dashboard->getUsers()
#5 D:\xampp\htdocs\ci4\vendor\codeigniter4\framework\system\CodeIgniter.php(432): CodeIgniter\CodeIgniter->runController(Object(App\Controllers\Admin\Dashboard))
#6 D:\xampp\htdocs\ci4\vendor\codeigniter4\framework\system\CodeIgniter.php(333): CodeIgniter\CodeIgniter->handleRequest(NULL, Object(Config\Cache), false)
#7 D:\xampp\htdocs\ci4\public\index.php(44): CodeIgniter\CodeIgniter->run()
#8 D:\xampp\htdocs\ci4\vendor\codeigniter4\framework\system\Commands\Server\rewrite.php(45): require_once('D:\\xampp\\htdocs...')
#9 {main}
CRITICAL - 2021-03-05 05:10:50 --> whereNotIn() expects $values to be of type array or closure
#0 D:\xampp\htdocs\ci4\vendor\codeigniter4\framework\system\Database\BaseBuilder.php(897): CodeIgniter\Database\BaseBuilder->_whereIn('users', '1', true, 'AND ', NULL)
#1 D:\xampp\htdocs\ci4\vendor\codeigniter4\framework\system\Model.php(836): CodeIgniter\Database\BaseBuilder->whereNotIn('users', '1')
#2 D:\xampp\htdocs\ci4\app\Models\UserModel.php(20): CodeIgniter\Model->__call('whereNotIn', Array)
#3 D:\xampp\htdocs\ci4\app\Controllers\Admin\Dashboard.php(33): App\Models\UserModel->getUsers()
#4 D:\xampp\htdocs\ci4\vendor\codeigniter4\framework\system\CodeIgniter.php(936): App\Controllers\Admin\Dashboard->getUsers()
#5 D:\xampp\htdocs\ci4\vendor\codeigniter4\framework\system\CodeIgniter.php(432): CodeIgniter\CodeIgniter->runController(Object(App\Controllers\Admin\Dashboard))
#6 D:\xampp\htdocs\ci4\vendor\codeigniter4\framework\system\CodeIgniter.php(333): CodeIgniter\CodeIgniter->handleRequest(NULL, Object(Config\Cache), false)
#7 D:\xampp\htdocs\ci4\public\index.php(44): CodeIgniter\CodeIgniter->run()
#8 D:\xampp\htdocs\ci4\vendor\codeigniter4\framework\system\Commands\Server\rewrite.php(45): require_once('D:\\xampp\\htdocs...')
#9 {main}
CRITICAL - 2021-03-05 05:12:54 --> whereNotIn() expects $values to be of type array or closure
#0 D:\xampp\htdocs\ci4\vendor\codeigniter4\framework\system\Database\BaseBuilder.php(897): CodeIgniter\Database\BaseBuilder->_whereIn('id', '1', true, 'AND ', NULL)
#1 D:\xampp\htdocs\ci4\vendor\codeigniter4\framework\system\Model.php(836): CodeIgniter\Database\BaseBuilder->whereNotIn('id', '1')
#2 D:\xampp\htdocs\ci4\app\Models\UserModel.php(20): CodeIgniter\Model->__call('whereNotIn', Array)
#3 D:\xampp\htdocs\ci4\app\Controllers\Admin\Dashboard.php(33): App\Models\UserModel->getUsers()
#4 D:\xampp\htdocs\ci4\vendor\codeigniter4\framework\system\CodeIgniter.php(936): App\Controllers\Admin\Dashboard->getUsers()
#5 D:\xampp\htdocs\ci4\vendor\codeigniter4\framework\system\CodeIgniter.php(432): CodeIgniter\CodeIgniter->runController(Object(App\Controllers\Admin\Dashboard))
#6 D:\xampp\htdocs\ci4\vendor\codeigniter4\framework\system\CodeIgniter.php(333): CodeIgniter\CodeIgniter->handleRequest(NULL, Object(Config\Cache), false)
#7 D:\xampp\htdocs\ci4\public\index.php(44): CodeIgniter\CodeIgniter->run()
#8 D:\xampp\htdocs\ci4\vendor\codeigniter4\framework\system\Commands\Server\rewrite.php(45): require_once('D:\\xampp\\htdocs...')
#9 {main}
CRITICAL - 2021-03-05 05:13:15 --> whereNotIn() expects $values to be of type array or closure
#0 D:\xampp\htdocs\ci4\vendor\codeigniter4\framework\system\Database\BaseBuilder.php(897): CodeIgniter\Database\BaseBuilder->_whereIn('id', 1, true, 'AND ', NULL)
#1 D:\xampp\htdocs\ci4\vendor\codeigniter4\framework\system\Model.php(836): CodeIgniter\Database\BaseBuilder->whereNotIn('id', 1)
#2 D:\xampp\htdocs\ci4\app\Models\UserModel.php(20): CodeIgniter\Model->__call('whereNotIn', Array)
#3 D:\xampp\htdocs\ci4\app\Controllers\Admin\Dashboard.php(33): App\Models\UserModel->getUsers()
#4 D:\xampp\htdocs\ci4\vendor\codeigniter4\framework\system\CodeIgniter.php(936): App\Controllers\Admin\Dashboard->getUsers()
#5 D:\xampp\htdocs\ci4\vendor\codeigniter4\framework\system\CodeIgniter.php(432): CodeIgniter\CodeIgniter->runController(Object(App\Controllers\Admin\Dashboard))
#6 D:\xampp\htdocs\ci4\vendor\codeigniter4\framework\system\CodeIgniter.php(333): CodeIgniter\CodeIgniter->handleRequest(NULL, Object(Config\Cache), false)
#7 D:\xampp\htdocs\ci4\public\index.php(44): CodeIgniter\CodeIgniter->run()
#8 D:\xampp\htdocs\ci4\vendor\codeigniter4\framework\system\Commands\Server\rewrite.php(45): require_once('D:\\xampp\\htdocs...')
#9 {main}
CRITICAL - 2021-03-05 05:17:29 --> whereNotIn() expects $values to be of type array or closure
#0 D:\xampp\htdocs\ci4\vendor\codeigniter4\framework\system\Database\BaseBuilder.php(897): CodeIgniter\Database\BaseBuilder->_whereIn('id', 1, true, 'AND ', NULL)
#1 D:\xampp\htdocs\ci4\vendor\codeigniter4\framework\system\Model.php(836): CodeIgniter\Database\BaseBuilder->whereNotIn('id', 1)
#2 D:\xampp\htdocs\ci4\app\Models\UserModel.php(20): CodeIgniter\Model->__call('whereNotIn', Array)
#3 D:\xampp\htdocs\ci4\app\Controllers\Admin\Dashboard.php(33): App\Models\UserModel->getUsers()
#4 D:\xampp\htdocs\ci4\vendor\codeigniter4\framework\system\CodeIgniter.php(936): App\Controllers\Admin\Dashboard->getUsers()
#5 D:\xampp\htdocs\ci4\vendor\codeigniter4\framework\system\CodeIgniter.php(432): CodeIgniter\CodeIgniter->runController(Object(App\Controllers\Admin\Dashboard))
#6 D:\xampp\htdocs\ci4\vendor\codeigniter4\framework\system\CodeIgniter.php(333): CodeIgniter\CodeIgniter->handleRequest(NULL, Object(Config\Cache), false)
#7 D:\xampp\htdocs\ci4\public\index.php(44): CodeIgniter\CodeIgniter->run()
#8 D:\xampp\htdocs\ci4\vendor\codeigniter4\framework\system\Commands\Server\rewrite.php(45): require_once('D:\\xampp\\htdocs...')
#9 {main}
CRITICAL - 2021-03-05 05:18:16 --> whereNotIn() expects $values to be of type array or closure
#0 D:\xampp\htdocs\ci4\vendor\codeigniter4\framework\system\Database\BaseBuilder.php(897): CodeIgniter\Database\BaseBuilder->_whereIn('id', 1, true, 'AND ', NULL)
#1 D:\xampp\htdocs\ci4\vendor\codeigniter4\framework\system\Model.php(836): CodeIgniter\Database\BaseBuilder->whereNotIn('id', 1)
#2 D:\xampp\htdocs\ci4\app\Models\UserModel.php(20): CodeIgniter\Model->__call('whereNotIn', Array)
#3 D:\xampp\htdocs\ci4\app\Controllers\Admin\Dashboard.php(33): App\Models\UserModel->getUsers()
#4 D:\xampp\htdocs\ci4\vendor\codeigniter4\framework\system\CodeIgniter.php(936): App\Controllers\Admin\Dashboard->getUsers()
#5 D:\xampp\htdocs\ci4\vendor\codeigniter4\framework\system\CodeIgniter.php(432): CodeIgniter\CodeIgniter->runController(Object(App\Controllers\Admin\Dashboard))
#6 D:\xampp\htdocs\ci4\vendor\codeigniter4\framework\system\CodeIgniter.php(333): CodeIgniter\CodeIgniter->handleRequest(NULL, Object(Config\Cache), false)
#7 D:\xampp\htdocs\ci4\public\index.php(44): CodeIgniter\CodeIgniter->run()
#8 D:\xampp\htdocs\ci4\vendor\codeigniter4\framework\system\Commands\Server\rewrite.php(45): require_once('D:\\xampp\\htdocs...')
#9 {main}
CRITICAL - 2021-03-05 05:25:51 --> Call to undefined method App\Models\UserModel::notin
#0 D:\xampp\htdocs\ci4\app\Models\UserModel.php(21): CodeIgniter\Model->__call('notin', Array)
#1 D:\xampp\htdocs\ci4\app\Controllers\Admin\Dashboard.php(33): App\Models\UserModel->getUsers()
#2 D:\xampp\htdocs\ci4\vendor\codeigniter4\framework\system\CodeIgniter.php(936): App\Controllers\Admin\Dashboard->getUsers()
#3 D:\xampp\htdocs\ci4\vendor\codeigniter4\framework\system\CodeIgniter.php(432): CodeIgniter\CodeIgniter->runController(Object(App\Controllers\Admin\Dashboard))
#4 D:\xampp\htdocs\ci4\vendor\codeigniter4\framework\system\CodeIgniter.php(333): CodeIgniter\CodeIgniter->handleRequest(NULL, Object(Config\Cache), false)
#5 D:\xampp\htdocs\ci4\public\index.php(44): CodeIgniter\CodeIgniter->run()
#6 D:\xampp\htdocs\ci4\vendor\codeigniter4\framework\system\Commands\Server\rewrite.php(45): require_once('D:\\xampp\\htdocs...')
#7 {main}
CRITICAL - 2021-03-05 05:26:07 --> whereNotIn() expects $values to be of type array or closure
#0 D:\xampp\htdocs\ci4\vendor\codeigniter4\framework\system\Database\BaseBuilder.php(897): CodeIgniter\Database\BaseBuilder->_whereIn('id', 1, true, 'AND ', NULL)
#1 D:\xampp\htdocs\ci4\vendor\codeigniter4\framework\system\Model.php(836): CodeIgniter\Database\BaseBuilder->whereNotIn('id', 1)
#2 D:\xampp\htdocs\ci4\app\Models\UserModel.php(20): CodeIgniter\Model->__call('whereNotIn', Array)
#3 D:\xampp\htdocs\ci4\app\Controllers\Admin\Dashboard.php(33): App\Models\UserModel->getUsers()
#4 D:\xampp\htdocs\ci4\vendor\codeigniter4\framework\system\CodeIgniter.php(936): App\Controllers\Admin\Dashboard->getUsers()
#5 D:\xampp\htdocs\ci4\vendor\codeigniter4\framework\system\CodeIgniter.php(432): CodeIgniter\CodeIgniter->runController(Object(App\Controllers\Admin\Dashboard))
#6 D:\xampp\htdocs\ci4\vendor\codeigniter4\framework\system\CodeIgniter.php(333): CodeIgniter\CodeIgniter->handleRequest(NULL, Object(Config\Cache), false)
#7 D:\xampp\htdocs\ci4\public\index.php(44): CodeIgniter\CodeIgniter->run()
#8 D:\xampp\htdocs\ci4\vendor\codeigniter4\framework\system\Commands\Server\rewrite.php(45): require_once('D:\\xampp\\htdocs...')
#9 {main}
CRITICAL - 2021-03-05 05:26:59 --> whereNotIn() expects $values to be of type array or closure
#0 D:\xampp\htdocs\ci4\vendor\codeigniter4\framework\system\Database\BaseBuilder.php(897): CodeIgniter\Database\BaseBuilder->_whereIn('id', 1, true, 'AND ', NULL)
#1 D:\xampp\htdocs\ci4\vendor\codeigniter4\framework\system\Model.php(836): CodeIgniter\Database\BaseBuilder->whereNotIn('id', 1)
#2 D:\xampp\htdocs\ci4\app\Models\UserModel.php(20): CodeIgniter\Model->__call('whereNotIn', Array)
#3 D:\xampp\htdocs\ci4\app\Controllers\Admin\Dashboard.php(33): App\Models\UserModel->getUsers()
#4 D:\xampp\htdocs\ci4\vendor\codeigniter4\framework\system\CodeIgniter.php(936): App\Controllers\Admin\Dashboard->getUsers()
#5 D:\xampp\htdocs\ci4\vendor\codeigniter4\framework\system\CodeIgniter.php(432): CodeIgniter\CodeIgniter->runController(Object(App\Controllers\Admin\Dashboard))
#6 D:\xampp\htdocs\ci4\vendor\codeigniter4\framework\system\CodeIgniter.php(333): CodeIgniter\CodeIgniter->handleRequest(NULL, Object(Config\Cache), false)
#7 D:\xampp\htdocs\ci4\public\index.php(44): CodeIgniter\CodeIgniter->run()
#8 D:\xampp\htdocs\ci4\vendor\codeigniter4\framework\system\Commands\Server\rewrite.php(45): require_once('D:\\xampp\\htdocs...')
#9 {main}
CRITICAL - 2021-03-05 06:17:38 --> There is no data to update.
#0 D:\xampp\htdocs\ci4\vendor\codeigniter4\framework\system\BaseModel.php(880): CodeIgniter\Database\Exceptions\DataException::forEmptyDataset('update')
#1 D:\xampp\htdocs\ci4\vendor\codeigniter4\framework\system\Model.php(737): CodeIgniter\BaseModel->update(Array, Array)
#2 D:\xampp\htdocs\ci4\app\Controllers\Admin\Disposisi.php(44): CodeIgniter\Model->update('2', Array)
#3 D:\xampp\htdocs\ci4\vendor\codeigniter4\framework\system\CodeIgniter.php(936): App\Controllers\Admin\Disposisi->store()
#4 D:\xampp\htdocs\ci4\vendor\codeigniter4\framework\system\CodeIgniter.php(432): CodeIgniter\CodeIgniter->runController(Object(App\Controllers\Admin\Disposisi))
#5 D:\xampp\htdocs\ci4\vendor\codeigniter4\framework\system\CodeIgniter.php(333): CodeIgniter\CodeIgniter->handleRequest(NULL, Object(Config\Cache), false)
#6 D:\xampp\htdocs\ci4\public\index.php(44): CodeIgniter\CodeIgniter->run()
#7 D:\xampp\htdocs\ci4\vendor\codeigniter4\framework\system\Commands\Server\rewrite.php(45): require_once('D:\\xampp\\htdocs...')
#8 {main}
CRITICAL - 2021-03-05 06:18:22 --> There is no data to update.
#0 D:\xampp\htdocs\ci4\vendor\codeigniter4\framework\system\BaseModel.php(880): CodeIgniter\Database\Exceptions\DataException::forEmptyDataset('update')
#1 D:\xampp\htdocs\ci4\vendor\codeigniter4\framework\system\Model.php(737): CodeIgniter\BaseModel->update(Array, Array)
#2 D:\xampp\htdocs\ci4\app\Controllers\Admin\Disposisi.php(44): CodeIgniter\Model->update('2', Array)
#3 D:\xampp\htdocs\ci4\vendor\codeigniter4\framework\system\CodeIgniter.php(936): App\Controllers\Admin\Disposisi->store()
#4 D:\xampp\htdocs\ci4\vendor\codeigniter4\framework\system\CodeIgniter.php(432): CodeIgniter\CodeIgniter->runController(Object(App\Controllers\Admin\Disposisi))
#5 D:\xampp\htdocs\ci4\vendor\codeigniter4\framework\system\CodeIgniter.php(333): CodeIgniter\CodeIgniter->handleRequest(NULL, Object(Config\Cache), false)
#6 D:\xampp\htdocs\ci4\public\index.php(44): CodeIgniter\CodeIgniter->run()
#7 D:\xampp\htdocs\ci4\vendor\codeigniter4\framework\system\Commands\Server\rewrite.php(45): require_once('D:\\xampp\\htdocs...')
#8 {main}
CRITICAL - 2021-03-05 06:22:34 --> There is no data to insert.
#0 D:\xampp\htdocs\ci4\vendor\codeigniter4\framework\system\BaseModel.php(735): CodeIgniter\Database\Exceptions\DataException::forEmptyDataset('insert')
#1 D:\xampp\htdocs\ci4\vendor\codeigniter4\framework\system\Model.php(705): CodeIgniter\BaseModel->insert(Array, false)
#2 D:\xampp\htdocs\ci4\vendor\codeigniter4\framework\system\BaseModel.php(667): CodeIgniter\Model->insert(Array, false)
#3 D:\xampp\htdocs\ci4\app\Controllers\Admin\Disposisi.php(43): CodeIgniter\BaseModel->save(Array)
#4 D:\xampp\htdocs\ci4\vendor\codeigniter4\framework\system\CodeIgniter.php(936): App\Controllers\Admin\Disposisi->store()
#5 D:\xampp\htdocs\ci4\vendor\codeigniter4\framework\system\CodeIgniter.php(432): CodeIgniter\CodeIgniter->runController(Object(App\Controllers\Admin\Disposisi))
#6 D:\xampp\htdocs\ci4\vendor\codeigniter4\framework\system\CodeIgniter.php(333): CodeIgniter\CodeIgniter->handleRequest(NULL, Object(Config\Cache), false)
#7 D:\xampp\htdocs\ci4\public\index.php(44): CodeIgniter\CodeIgniter->run()
#8 D:\xampp\htdocs\ci4\vendor\codeigniter4\framework\system\Commands\Server\rewrite.php(45): require_once('D:\\xampp\\htdocs...')
#9 {main}
CRITICAL - 2021-03-05 06:23:22 --> There is no data to insert.
#0 D:\xampp\htdocs\ci4\vendor\codeigniter4\framework\system\BaseModel.php(735): CodeIgniter\Database\Exceptions\DataException::forEmptyDataset('insert')
#1 D:\xampp\htdocs\ci4\vendor\codeigniter4\framework\system\Model.php(705): CodeIgniter\BaseModel->insert(Array, false)
#2 D:\xampp\htdocs\ci4\vendor\codeigniter4\framework\system\BaseModel.php(667): CodeIgniter\Model->insert(Array, false)
#3 D:\xampp\htdocs\ci4\app\Controllers\Admin\Disposisi.php(43): CodeIgniter\BaseModel->save(Array)
#4 D:\xampp\htdocs\ci4\vendor\codeigniter4\framework\system\CodeIgniter.php(936): App\Controllers\Admin\Disposisi->store()
#5 D:\xampp\htdocs\ci4\vendor\codeigniter4\framework\system\CodeIgniter.php(432): CodeIgniter\CodeIgniter->runController(Object(App\Controllers\Admin\Disposisi))
#6 D:\xampp\htdocs\ci4\vendor\codeigniter4\framework\system\CodeIgniter.php(333): CodeIgniter\CodeIgniter->handleRequest(NULL, Object(Config\Cache), false)
#7 D:\xampp\htdocs\ci4\public\index.php(44): CodeIgniter\CodeIgniter->run()
#8 D:\xampp\htdocs\ci4\vendor\codeigniter4\framework\system\Commands\Server\rewrite.php(45): require_once('D:\\xampp\\htdocs...')
#9 {main}
CRITICAL - 2021-03-05 06:23:51 --> There is no data to insert.
#0 D:\xampp\htdocs\ci4\vendor\codeigniter4\framework\system\BaseModel.php(735): CodeIgniter\Database\Exceptions\DataException::forEmptyDataset('insert')
#1 D:\xampp\htdocs\ci4\vendor\codeigniter4\framework\system\Model.php(705): CodeIgniter\BaseModel->insert(Array, false)
#2 D:\xampp\htdocs\ci4\vendor\codeigniter4\framework\system\BaseModel.php(667): CodeIgniter\Model->insert(Array, false)
#3 D:\xampp\htdocs\ci4\app\Controllers\Admin\Disposisi.php(43): CodeIgniter\BaseModel->save(Array)
#4 D:\xampp\htdocs\ci4\vendor\codeigniter4\framework\system\CodeIgniter.php(936): App\Controllers\Admin\Disposisi->store()
#5 D:\xampp\htdocs\ci4\vendor\codeigniter4\framework\system\CodeIgniter.php(432): CodeIgniter\CodeIgniter->runController(Object(App\Controllers\Admin\Disposisi))
#6 D:\xampp\htdocs\ci4\vendor\codeigniter4\framework\system\CodeIgniter.php(333): CodeIgniter\CodeIgniter->handleRequest(NULL, Object(Config\Cache), false)
#7 D:\xampp\htdocs\ci4\public\index.php(44): CodeIgniter\CodeIgniter->run()
#8 D:\xampp\htdocs\ci4\vendor\codeigniter4\framework\system\Commands\Server\rewrite.php(45): require_once('D:\\xampp\\htdocs...')
#9 {main}
ERROR - 2021-03-05 12:29:36 --> mysqli_sql_exception: Unknown column 'u.jabatan' in 'field list' in D:\xampp\htdocs\ci4\vendor\codeigniter4\framework\system\Database\MySQLi\Connection.php:314
Stack trace:
#0 D:\xampp\htdocs\ci4\vendor\codeigniter4\framework\system\Database\MySQLi\Connection.php(314): mysqli->query('SELECT `id_disp...')
#1 D:\xampp\htdocs\ci4\vendor\codeigniter4\framework\system\Database\BaseConnection.php(713): CodeIgniter\Database\MySQLi\Connection->execute('SELECT `id_disp...')
#2 D:\xampp\htdocs\ci4\vendor\codeigniter4\framework\system\Database\BaseConnection.php(641): CodeIgniter\Database\BaseConnection->simpleQuery('SELECT `id_disp...')
#3 D:\xampp\htdocs\ci4\vendor\codeigniter4\framework\system\Database\BaseBuilder.php(1866): CodeIgniter\Database\BaseConnection->query('SELECT `id_disp...', Array, false)
#4 D:\xampp\htdocs\ci4\vendor\codeigniter4\framework\system\Model.php(836): CodeIgniter\Database\BaseBuilder->get()
#5 D:\xampp\htdocs\ci4\app\Models\DisposisiModel.php(21): CodeIgniter\Model->__call('get', Array)
#6 D:\xampp\htdocs\ci4\app\Controllers\Admin\Disposisi.php(19): App\Models\DisposisiModel->getData('2')
#7 D:\xampp\htdocs\ci4\vendor\codeigniter4\framework\system\CodeIgniter.php(936): App\Controllers\Admin\Disposisi->getDisposisi('2')
#8 D:\xampp\htdocs\ci4\vendor\codeigniter4\framework\system\CodeIgniter.php(432): CodeIgniter\CodeIgniter->runController(Object(App\Controllers\Admin\Disposisi))
#9 D:\xampp\htdocs\ci4\vendor\codeigniter4\framework\system\CodeIgniter.php(333): CodeIgniter\CodeIgniter->handleRequest(NULL, Object(Config\Cache), false)
#10 D:\xampp\htdocs\ci4\public\index.php(44): CodeIgniter\CodeIgniter->run()
#11 D:\xampp\htdocs\ci4\vendor\codeigniter4\framework\system\Commands\Server\rewrite.php(45): require_once('D:\\xampp\\htdocs...')
#12 {main}
CRITICAL - 2021-03-05 12:29:36 --> Unknown column 'u.jabatan' in 'field list'
#0 D:\xampp\htdocs\ci4\vendor\codeigniter4\framework\system\Database\MySQLi\Connection.php(314): mysqli->query('SELECT `id_disp...')
#1 D:\xampp\htdocs\ci4\vendor\codeigniter4\framework\system\Database\BaseConnection.php(713): CodeIgniter\Database\MySQLi\Connection->execute('SELECT `id_disp...')
#2 D:\xampp\htdocs\ci4\vendor\codeigniter4\framework\system\Database\BaseConnection.php(641): CodeIgniter\Database\BaseConnection->simpleQuery('SELECT `id_disp...')
#3 D:\xampp\htdocs\ci4\vendor\codeigniter4\framework\system\Database\BaseBuilder.php(1866): CodeIgniter\Database\BaseConnection->query('SELECT `id_disp...', Array, false)
#4 D:\xampp\htdocs\ci4\vendor\codeigniter4\framework\system\Model.php(836): CodeIgniter\Database\BaseBuilder->get()
#5 D:\xampp\htdocs\ci4\app\Models\DisposisiModel.php(21): CodeIgniter\Model->__call('get', Array)
#6 D:\xampp\htdocs\ci4\app\Controllers\Admin\Disposisi.php(19): App\Models\DisposisiModel->getData('2')
#7 D:\xampp\htdocs\ci4\vendor\codeigniter4\framework\system\CodeIgniter.php(936): App\Controllers\Admin\Disposisi->getDisposisi('2')
#8 D:\xampp\htdocs\ci4\vendor\codeigniter4\framework\system\CodeIgniter.php(432): CodeIgniter\CodeIgniter->runController(Object(App\Controllers\Admin\Disposisi))
#9 D:\xampp\htdocs\ci4\vendor\codeigniter4\framework\system\CodeIgniter.php(333): CodeIgniter\CodeIgniter->handleRequest(NULL, Object(Config\Cache), false)
#10 D:\xampp\htdocs\ci4\public\index.php(44): CodeIgniter\CodeIgniter->run()
#11 D:\xampp\htdocs\ci4\vendor\codeigniter4\framework\system\Commands\Server\rewrite.php(45): require_once('D:\\xampp\\htdocs...')
#12 {main}
ERROR - 2021-03-05 12:30:34 --> mysqli_sql_exception: Not unique table/alias: 'users' in D:\xampp\htdocs\ci4\vendor\codeigniter4\framework\system\Database\MySQLi\Connection.php:314
Stack trace:
#0 D:\xampp\htdocs\ci4\vendor\codeigniter4\framework\system\Database\MySQLi\Connection.php(314): mysqli->query('SELECT `id_disp...')
#1 D:\xampp\htdocs\ci4\vendor\codeigniter4\framework\system\Database\BaseConnection.php(713): CodeIgniter\Database\MySQLi\Connection->execute('SELECT `id_disp...')
#2 D:\xampp\htdocs\ci4\vendor\codeigniter4\framework\system\Database\BaseConnection.php(641): CodeIgniter\Database\BaseConnection->simpleQuery('SELECT `id_disp...')
#3 D:\xampp\htdocs\ci4\vendor\codeigniter4\framework\system\Database\BaseBuilder.php(1866): CodeIgniter\Database\BaseConnection->query('SELECT `id_disp...', Array, false)
#4 D:\xampp\htdocs\ci4\vendor\codeigniter4\framework\system\Model.php(836): CodeIgniter\Database\BaseBuilder->get()
#5 D:\xampp\htdocs\ci4\app\Models\DisposisiModel.php(21): CodeIgniter\Model->__call('get', Array)
#6 D:\xampp\htdocs\ci4\app\Controllers\Admin\Disposisi.php(19): App\Models\DisposisiModel->getData('2')
#7 D:\xampp\htdocs\ci4\vendor\codeigniter4\framework\system\CodeIgniter.php(936): App\Controllers\Admin\Disposisi->getDisposisi('2')
#8 D:\xampp\htdocs\ci4\vendor\codeigniter4\framework\system\CodeIgniter.php(432): CodeIgniter\CodeIgniter->runController(Object(App\Controllers\Admin\Disposisi))
#9 D:\xampp\htdocs\ci4\vendor\codeigniter4\framework\system\CodeIgniter.php(333): CodeIgniter\CodeIgniter->handleRequest(NULL, Object(Config\Cache), false)
#10 D:\xampp\htdocs\ci4\public\index.php(44): CodeIgniter\CodeIgniter->run()
#11 D:\xampp\htdocs\ci4\vendor\codeigniter4\framework\system\Commands\Server\rewrite.php(45): require_once('D:\\xampp\\htdocs...')
#12 {main}
CRITICAL - 2021-03-05 12:30:34 --> Not unique table/alias: 'users'
#0 D:\xampp\htdocs\ci4\vendor\codeigniter4\framework\system\Database\MySQLi\Connection.php(314): mysqli->query('SELECT `id_disp...')
#1 D:\xampp\htdocs\ci4\vendor\codeigniter4\framework\system\Database\BaseConnection.php(713): CodeIgniter\Database\MySQLi\Connection->execute('SELECT `id_disp...')
#2 D:\xampp\htdocs\ci4\vendor\codeigniter4\framework\system\Database\BaseConnection.php(641): CodeIgniter\Database\BaseConnection->simpleQuery('SELECT `id_disp...')
#3 D:\xampp\htdocs\ci4\vendor\codeigniter4\framework\system\Database\BaseBuilder.php(1866): CodeIgniter\Database\BaseConnection->query('SELECT `id_disp...', Array, false)
#4 D:\xampp\htdocs\ci4\vendor\codeigniter4\framework\system\Model.php(836): CodeIgniter\Database\BaseBuilder->get()
#5 D:\xampp\htdocs\ci4\app\Models\DisposisiModel.php(21): CodeIgniter\Model->__call('get', Array)
#6 D:\xampp\htdocs\ci4\app\Controllers\Admin\Disposisi.php(19): App\Models\DisposisiModel->getData('2')
#7 D:\xampp\htdocs\ci4\vendor\codeigniter4\framework\system\CodeIgniter.php(936): App\Controllers\Admin\Disposisi->getDisposisi('2')
#8 D:\xampp\htdocs\ci4\vendor\codeigniter4\framework\system\CodeIgniter.php(432): CodeIgniter\CodeIgniter->runController(Object(App\Controllers\Admin\Disposisi))
#9 D:\xampp\htdocs\ci4\vendor\codeigniter4\framework\system\CodeIgniter.php(333): CodeIgniter\CodeIgniter->handleRequest(NULL, Object(Config\Cache), false)
#10 D:\xampp\htdocs\ci4\public\index.php(44): CodeIgniter\CodeIgniter->run()
#11 D:\xampp\htdocs\ci4\vendor\codeigniter4\framework\system\Commands\Server\rewrite.php(45): require_once('D:\\xampp\\htdocs...')
#12 {main}
CRITICAL - 2021-03-05 23:01:44 --> Trying to get property 'tanggal_disposisi' of non-object
#0 D:\xampp\htdocs\ci4\app\Controllers\Admin\Disposisi.php(24): CodeIgniter\Debug\Exceptions->errorHandler(8, 'Trying to get p...', 'D:\\xampp\\htdocs...', 24, Array)
#1 D:\xampp\htdocs\ci4\vendor\codeigniter4\framework\system\CodeIgniter.php(936): App\Controllers\Admin\Disposisi->getDisposisi('2')
#2 D:\xampp\htdocs\ci4\vendor\codeigniter4\framework\system\CodeIgniter.php(432): CodeIgniter\CodeIgniter->runController(Object(App\Controllers\Admin\Disposisi))
#3 D:\xampp\htdocs\ci4\vendor\codeigniter4\framework\system\CodeIgniter.php(333): CodeIgniter\CodeIgniter->handleRequest(NULL, Object(Config\Cache), false)
#4 D:\xampp\htdocs\ci4\public\index.php(44): CodeIgniter\CodeIgniter->run()
#5 D:\xampp\htdocs\ci4\vendor\codeigniter4\framework\system\Commands\Server\rewrite.php(45): require_once('D:\\xampp\\htdocs...')
#6 {main}
CRITICAL - 2021-03-05 23:01:54 --> Trying to get property 'tanggal_disposisi' of non-object
#0 D:\xampp\htdocs\ci4\app\Controllers\Admin\Disposisi.php(24): CodeIgniter\Debug\Exceptions->errorHandler(8, 'Trying to get p...', 'D:\\xampp\\htdocs...', 24, Array)
#1 D:\xampp\htdocs\ci4\vendor\codeigniter4\framework\system\CodeIgniter.php(936): App\Controllers\Admin\Disposisi->getDisposisi('2')
#2 D:\xampp\htdocs\ci4\vendor\codeigniter4\framework\system\CodeIgniter.php(432): CodeIgniter\CodeIgniter->runController(Object(App\Controllers\Admin\Disposisi))
#3 D:\xampp\htdocs\ci4\vendor\codeigniter4\framework\system\CodeIgniter.php(333): CodeIgniter\CodeIgniter->handleRequest(NULL, Object(Config\Cache), false)
#4 D:\xampp\htdocs\ci4\public\index.php(44): CodeIgniter\CodeIgniter->run()
#5 D:\xampp\htdocs\ci4\vendor\codeigniter4\framework\system\Commands\Server\rewrite.php(45): require_once('D:\\xampp\\htdocs...')
#6 {main}
CRITICAL - 2021-03-05 23:03:28 --> Trying to get property 'dari' of non-object
#0 D:\xampp\htdocs\ci4\app\Controllers\Admin\Disposisi.php(24): CodeIgniter\Debug\Exceptions->errorHandler(8, 'Trying to get p...', 'D:\\xampp\\htdocs...', 24, Array)
#1 D:\xampp\htdocs\ci4\vendor\codeigniter4\framework\system\CodeIgniter.php(936): App\Controllers\Admin\Disposisi->getDisposisi('2')
#2 D:\xampp\htdocs\ci4\vendor\codeigniter4\framework\system\CodeIgniter.php(432): CodeIgniter\CodeIgniter->runController(Object(App\Controllers\Admin\Disposisi))
#3 D:\xampp\htdocs\ci4\vendor\codeigniter4\framework\system\CodeIgniter.php(333): CodeIgniter\CodeIgniter->handleRequest(NULL, Object(Config\Cache), false)
#4 D:\xampp\htdocs\ci4\public\index.php(44): CodeIgniter\CodeIgniter->run()
#5 D:\xampp\htdocs\ci4\vendor\codeigniter4\framework\system\Commands\Server\rewrite.php(45): require_once('D:\\xampp\\htdocs...')
#6 {main}
CRITICAL - 2021-03-05 23:04:17 --> Trying to get property 'dari' of non-object
#0 D:\xampp\htdocs\ci4\app\Controllers\Admin\Disposisi.php(25): CodeIgniter\Debug\Exceptions->errorHandler(8, 'Trying to get p...', 'D:\\xampp\\htdocs...', 25, Array)
#1 D:\xampp\htdocs\ci4\vendor\codeigniter4\framework\system\CodeIgniter.php(936): App\Controllers\Admin\Disposisi->getDisposisi('2')
#2 D:\xampp\htdocs\ci4\vendor\codeigniter4\framework\system\CodeIgniter.php(432): CodeIgniter\CodeIgniter->runController(Object(App\Controllers\Admin\Disposisi))
#3 D:\xampp\htdocs\ci4\vendor\codeigniter4\framework\system\CodeIgniter.php(333): CodeIgniter\CodeIgniter->handleRequest(NULL, Object(Config\Cache), false)
#4 D:\xampp\htdocs\ci4\public\index.php(44): CodeIgniter\CodeIgniter->run()
#5 D:\xampp\htdocs\ci4\vendor\codeigniter4\framework\system\Commands\Server\rewrite.php(45): require_once('D:\\xampp\\htdocs...')
#6 {main}
CRITICAL - 2021-03-05 23:05:18 --> Undefined index: dari
#0 D:\xampp\htdocs\ci4\app\Controllers\Admin\Disposisi.php(25): CodeIgniter\Debug\Exceptions->errorHandler(8, 'Undefined index...', 'D:\\xampp\\htdocs...', 25, Array)
#1 D:\xampp\htdocs\ci4\vendor\codeigniter4\framework\system\CodeIgniter.php(936): App\Controllers\Admin\Disposisi->getDisposisi('2')
#2 D:\xampp\htdocs\ci4\vendor\codeigniter4\framework\system\CodeIgniter.php(432): CodeIgniter\CodeIgniter->runController(Object(App\Controllers\Admin\Disposisi))
#3 D:\xampp\htdocs\ci4\vendor\codeigniter4\framework\system\CodeIgniter.php(333): CodeIgniter\CodeIgniter->handleRequest(NULL, Object(Config\Cache), false)
#4 D:\xampp\htdocs\ci4\public\index.php(44): CodeIgniter\CodeIgniter->run()
#5 D:\xampp\htdocs\ci4\vendor\codeigniter4\framework\system\Commands\Server\rewrite.php(45): require_once('D:\\xampp\\htdocs...')
#6 {main}
