CRITICAL - 2021-03-04 02:04:23 --> Undefined variable: data
#0 D:\xampp\htdocs\ci4\app\Views\admin\suratmasuk.php(196): CodeIgniter\Debug\Exceptions->errorHandler(8, 'Undefined varia...', 'D:\\xampp\\htdocs...', 196, Array)
#1 D:\xampp\htdocs\ci4\vendor\codeigniter4\framework\system\View\View.php(220): include('D:\\xampp\\htdocs...')
#2 D:\xampp\htdocs\ci4\vendor\codeigniter4\framework\system\View\View.php(222): CodeIgniter\View\View->CodeIgniter\View\{closure}()
#3 D:\xampp\htdocs\ci4\vendor\codeigniter4\framework\system\Common.php(1217): CodeIgniter\View\View->render('admin/suratmasu...', Array, true)
#4 D:\xampp\htdocs\ci4\app\Controllers\Admin\SuratMasuk.php(29): view('admin/suratmasu...', Array)
#5 D:\xampp\htdocs\ci4\vendor\codeigniter4\framework\system\CodeIgniter.php(936): App\Controllers\Admin\SuratMasuk->index()
#6 D:\xampp\htdocs\ci4\vendor\codeigniter4\framework\system\CodeIgniter.php(432): CodeIgniter\CodeIgniter->runController(Object(App\Controllers\Admin\SuratMasuk))
#7 D:\xampp\htdocs\ci4\vendor\codeigniter4\framework\system\CodeIgniter.php(333): CodeIgniter\CodeIgniter->handleRequest(NULL, Object(Config\Cache), false)
#8 D:\xampp\htdocs\ci4\public\index.php(44): CodeIgniter\CodeIgniter->run()
#9 D:\xampp\htdocs\ci4\vendor\codeigniter4\framework\system\Commands\Server\rewrite.php(45): require_once('D:\\xampp\\htdocs...')
#10 {main}
CRITICAL - 2021-03-04 07:20:20 --> Undefined variable: suratMasukModel
#0 D:\xampp\htdocs\ci4\app\Controllers\Admin\SuratMasuk.php(37): CodeIgniter\Debug\Exceptions->errorHandler(8, 'Undefined varia...', 'D:\\xampp\\htdocs...', 37, Array)
#1 D:\xampp\htdocs\ci4\vendor\codeigniter4\framework\system\CodeIgniter.php(936): App\Controllers\Admin\SuratMasuk->ajax_list()
#2 D:\xampp\htdocs\ci4\vendor\codeigniter4\framework\system\CodeIgniter.php(432): CodeIgniter\CodeIgniter->runController(Object(App\Controllers\Admin\SuratMasuk))
#3 D:\xampp\htdocs\ci4\vendor\codeigniter4\framework\system\CodeIgniter.php(333): CodeIgniter\CodeIgniter->handleRequest(NULL, Object(Config\Cache), false)
#4 D:\xampp\htdocs\ci4\public\index.php(44): CodeIgniter\CodeIgniter->run()
#5 D:\xampp\htdocs\ci4\vendor\codeigniter4\framework\system\Commands\Server\rewrite.php(45): require_once('D:\\xampp\\htdocs...')
#6 {main}
CRITICAL - 2021-03-04 07:22:41 --> Undefined variable: status
#0 D:\xampp\htdocs\ci4\app\Controllers\Admin\SuratMasuk.php(48): CodeIgniter\Debug\Exceptions->errorHandler(8, 'Undefined varia...', 'D:\\xampp\\htdocs...', 48, Array)
#1 D:\xampp\htdocs\ci4\vendor\codeigniter4\framework\system\CodeIgniter.php(936): App\Controllers\Admin\SuratMasuk->ajax_list()
#2 D:\xampp\htdocs\ci4\vendor\codeigniter4\framework\system\CodeIgniter.php(432): CodeIgniter\CodeIgniter->runController(Object(App\Controllers\Admin\SuratMasuk))
#3 D:\xampp\htdocs\ci4\vendor\codeigniter4\framework\system\CodeIgniter.php(333): CodeIgniter\CodeIgniter->handleRequest(NULL, Object(Config\Cache), false)
#4 D:\xampp\htdocs\ci4\public\index.php(44): CodeIgniter\CodeIgniter->run()
#5 D:\xampp\htdocs\ci4\vendor\codeigniter4\framework\system\Commands\Server\rewrite.php(45): require_once('D:\\xampp\\htdocs...')
#6 {main}
