CRITICAL - 2021-03-22 02:38:55 --> Undefined property: App\Controllers\Guru\Notifikasi::$output
#0 D:\xampp\htdocs\ci4\app\Controllers\Guru\Notifikasi.php(27): CodeIgniter\Debug\Exceptions->errorHandler(8, 'Undefined prope...', 'D:\\xampp\\htdocs...', 27, Array)
#1 D:\xampp\htdocs\ci4\vendor\codeigniter4\framework\system\CodeIgniter.php(936): App\Controllers\Guru\Notifikasi->countNotification()
#2 D:\xampp\htdocs\ci4\vendor\codeigniter4\framework\system\CodeIgniter.php(432): CodeIgniter\CodeIgniter->runController(Object(App\Controllers\Guru\Notifikasi))
#3 D:\xampp\htdocs\ci4\vendor\codeigniter4\framework\system\CodeIgniter.php(333): CodeIgniter\CodeIgniter->handleRequest(NULL, Object(Config\Cache), false)
#4 D:\xampp\htdocs\ci4\public\index.php(44): CodeIgniter\CodeIgniter->run()
#5 D:\xampp\htdocs\ci4\vendor\codeigniter4\framework\system\Commands\Server\rewrite.php(45): require_once('D:\\xampp\\htdocs...')
#6 {main}
CRITICAL - 2021-03-22 02:40:31 --> Undefined property: App\Controllers\Guru\Notifikasi::$output
#0 D:\xampp\htdocs\ci4\app\Controllers\Guru\Notifikasi.php(27): CodeIgniter\Debug\Exceptions->errorHandler(8, 'Undefined prope...', 'D:\\xampp\\htdocs...', 27, Array)
#1 D:\xampp\htdocs\ci4\vendor\codeigniter4\framework\system\CodeIgniter.php(936): App\Controllers\Guru\Notifikasi->countNotification()
#2 D:\xampp\htdocs\ci4\vendor\codeigniter4\framework\system\CodeIgniter.php(432): CodeIgniter\CodeIgniter->runController(Object(App\Controllers\Guru\Notifikasi))
#3 D:\xampp\htdocs\ci4\vendor\codeigniter4\framework\system\CodeIgniter.php(333): CodeIgniter\CodeIgniter->handleRequest(NULL, Object(Config\Cache), false)
#4 D:\xampp\htdocs\ci4\public\index.php(44): CodeIgniter\CodeIgniter->run()
#5 D:\xampp\htdocs\ci4\vendor\codeigniter4\framework\system\Commands\Server\rewrite.php(45): require_once('D:\\xampp\\htdocs...')
#6 {main}
CRITICAL - 2021-03-22 02:47:30 --> Undefined property: App\Controllers\Guru\Notifikasi::$output
#0 D:\xampp\htdocs\ci4\app\Controllers\Guru\Notifikasi.php(27): CodeIgniter\Debug\Exceptions->errorHandler(8, 'Undefined prope...', 'D:\\xampp\\htdocs...', 27, Array)
#1 D:\xampp\htdocs\ci4\vendor\codeigniter4\framework\system\CodeIgniter.php(936): App\Controllers\Guru\Notifikasi->countNotification()
#2 D:\xampp\htdocs\ci4\vendor\codeigniter4\framework\system\CodeIgniter.php(432): CodeIgniter\CodeIgniter->runController(Object(App\Controllers\Guru\Notifikasi))
#3 D:\xampp\htdocs\ci4\vendor\codeigniter4\framework\system\CodeIgniter.php(333): CodeIgniter\CodeIgniter->handleRequest(NULL, Object(Config\Cache), false)
#4 D:\xampp\htdocs\ci4\public\index.php(44): CodeIgniter\CodeIgniter->run()
#5 D:\xampp\htdocs\ci4\vendor\codeigniter4\framework\system\Commands\Server\rewrite.php(45): require_once('D:\\xampp\\htdocs...')
#6 {main}
CRITICAL - 2021-03-22 02:47:52 --> Undefined property: App\Controllers\Guru\Notifikasi::$output
#0 D:\xampp\htdocs\ci4\app\Controllers\Guru\Notifikasi.php(27): CodeIgniter\Debug\Exceptions->errorHandler(8, 'Undefined prope...', 'D:\\xampp\\htdocs...', 27, Array)
#1 D:\xampp\htdocs\ci4\vendor\codeigniter4\framework\system\CodeIgniter.php(936): App\Controllers\Guru\Notifikasi->countNotification()
#2 D:\xampp\htdocs\ci4\vendor\codeigniter4\framework\system\CodeIgniter.php(432): CodeIgniter\CodeIgniter->runController(Object(App\Controllers\Guru\Notifikasi))
#3 D:\xampp\htdocs\ci4\vendor\codeigniter4\framework\system\CodeIgniter.php(333): CodeIgniter\CodeIgniter->handleRequest(NULL, Object(Config\Cache), false)
#4 D:\xampp\htdocs\ci4\public\index.php(44): CodeIgniter\CodeIgniter->run()
#5 D:\xampp\htdocs\ci4\vendor\codeigniter4\framework\system\Commands\Server\rewrite.php(45): require_once('D:\\xampp\\htdocs...')
#6 {main}
ERROR - 2021-03-22 02:49:52 --> mysqli_sql_exception: You have an error in your SQL syntax; check the manual that corresponds to your MariaDB server version for the right syntax to use near '*
FROM `surat_masuk`
JOIN `disposisi` ON `surat_masuk`.`id_surat` = `disposis...' at line 1 in D:\xampp\htdocs\ci4\vendor\codeigniter4\framework\system\Database\MySQLi\Connection.php:314
Stack trace:
#0 D:\xampp\htdocs\ci4\vendor\codeigniter4\framework\system\Database\MySQLi\Connection.php(314): mysqli->query('SELECT COUNT(*)...')
#1 D:\xampp\htdocs\ci4\vendor\codeigniter4\framework\system\Database\BaseConnection.php(713): CodeIgniter\Database\MySQLi\Connection->execute('SELECT COUNT(*)...')
#2 D:\xampp\htdocs\ci4\vendor\codeigniter4\framework\system\Database\BaseConnection.php(641): CodeIgniter\Database\BaseConnection->simpleQuery('SELECT COUNT(*)...')
#3 D:\xampp\htdocs\ci4\vendor\codeigniter4\framework\system\Database\BaseBuilder.php(1866): CodeIgniter\Database\BaseConnection->query('SELECT COUNT(*)...', Array, false)
#4 D:\xampp\htdocs\ci4\vendor\codeigniter4\framework\system\Model.php(836): CodeIgniter\Database\BaseBuilder->get()
#5 D:\xampp\htdocs\ci4\app\Models\SuratMasukModel.php(109): CodeIgniter\Model->__call('get', Array)
#6 D:\xampp\htdocs\ci4\app\Controllers\Guru\Notifikasi.php(21): App\Models\SuratMasukModel->countNotification()
#7 D:\xampp\htdocs\ci4\vendor\codeigniter4\framework\system\CodeIgniter.php(936): App\Controllers\Guru\Notifikasi->countNotification()
#8 D:\xampp\htdocs\ci4\vendor\codeigniter4\framework\system\CodeIgniter.php(432): CodeIgniter\CodeIgniter->runController(Object(App\Controllers\Guru\Notifikasi))
#9 D:\xampp\htdocs\ci4\vendor\codeigniter4\framework\system\CodeIgniter.php(333): CodeIgniter\CodeIgniter->handleRequest(NULL, Object(Config\Cache), false)
#10 D:\xampp\htdocs\ci4\public\index.php(44): CodeIgniter\CodeIgniter->run()
#11 D:\xampp\htdocs\ci4\vendor\codeigniter4\framework\system\Commands\Server\rewrite.php(45): require_once('D:\\xampp\\htdocs...')
#12 {main}
CRITICAL - 2021-03-22 02:49:52 --> You have an error in your SQL syntax; check the manual that corresponds to your MariaDB server version for the right syntax to use near '*
FROM `surat_masuk`
JOIN `disposisi` ON `surat_masuk`.`id_surat` = `disposis...' at line 1
#0 D:\xampp\htdocs\ci4\vendor\codeigniter4\framework\system\Database\MySQLi\Connection.php(314): mysqli->query('SELECT COUNT(*)...')
#1 D:\xampp\htdocs\ci4\vendor\codeigniter4\framework\system\Database\BaseConnection.php(713): CodeIgniter\Database\MySQLi\Connection->execute('SELECT COUNT(*)...')
#2 D:\xampp\htdocs\ci4\vendor\codeigniter4\framework\system\Database\BaseConnection.php(641): CodeIgniter\Database\BaseConnection->simpleQuery('SELECT COUNT(*)...')
#3 D:\xampp\htdocs\ci4\vendor\codeigniter4\framework\system\Database\BaseBuilder.php(1866): CodeIgniter\Database\BaseConnection->query('SELECT COUNT(*)...', Array, false)
#4 D:\xampp\htdocs\ci4\vendor\codeigniter4\framework\system\Model.php(836): CodeIgniter\Database\BaseBuilder->get()
#5 D:\xampp\htdocs\ci4\app\Models\SuratMasukModel.php(109): CodeIgniter\Model->__call('get', Array)
#6 D:\xampp\htdocs\ci4\app\Controllers\Guru\Notifikasi.php(21): App\Models\SuratMasukModel->countNotification()
#7 D:\xampp\htdocs\ci4\vendor\codeigniter4\framework\system\CodeIgniter.php(936): App\Controllers\Guru\Notifikasi->countNotification()
#8 D:\xampp\htdocs\ci4\vendor\codeigniter4\framework\system\CodeIgniter.php(432): CodeIgniter\CodeIgniter->runController(Object(App\Controllers\Guru\Notifikasi))
#9 D:\xampp\htdocs\ci4\vendor\codeigniter4\framework\system\CodeIgniter.php(333): CodeIgniter\CodeIgniter->handleRequest(NULL, Object(Config\Cache), false)
#10 D:\xampp\htdocs\ci4\public\index.php(44): CodeIgniter\CodeIgniter->run()
#11 D:\xampp\htdocs\ci4\vendor\codeigniter4\framework\system\Commands\Server\rewrite.php(45): require_once('D:\\xampp\\htdocs...')
#12 {main}
ERROR - 2021-03-22 02:54:04 --> mysqli_sql_exception: You have an error in your SQL syntax; check the manual that corresponds to your MariaDB server version for the right syntax to use near '*
FROM `surat_masuk`
JOIN `disposisi` ON `surat_masuk`.`id_surat` = `disposis...' at line 1 in D:\xampp\htdocs\ci4\vendor\codeigniter4\framework\system\Database\MySQLi\Connection.php:314
Stack trace:
#0 D:\xampp\htdocs\ci4\vendor\codeigniter4\framework\system\Database\MySQLi\Connection.php(314): mysqli->query('SELECT COUNT(*)...')
#1 D:\xampp\htdocs\ci4\vendor\codeigniter4\framework\system\Database\BaseConnection.php(713): CodeIgniter\Database\MySQLi\Connection->execute('SELECT COUNT(*)...')
#2 D:\xampp\htdocs\ci4\vendor\codeigniter4\framework\system\Database\BaseConnection.php(641): CodeIgniter\Database\BaseConnection->simpleQuery('SELECT COUNT(*)...')
#3 D:\xampp\htdocs\ci4\vendor\codeigniter4\framework\system\Database\BaseBuilder.php(1866): CodeIgniter\Database\BaseConnection->query('SELECT COUNT(*)...', Array, false)
#4 D:\xampp\htdocs\ci4\vendor\codeigniter4\framework\system\Model.php(836): CodeIgniter\Database\BaseBuilder->get()
#5 D:\xampp\htdocs\ci4\app\Models\SuratMasukModel.php(109): CodeIgniter\Model->__call('get', Array)
#6 D:\xampp\htdocs\ci4\app\Controllers\Guru\Notifikasi.php(21): App\Models\SuratMasukModel->countNotification()
#7 D:\xampp\htdocs\ci4\vendor\codeigniter4\framework\system\CodeIgniter.php(936): App\Controllers\Guru\Notifikasi->countNotification()
#8 D:\xampp\htdocs\ci4\vendor\codeigniter4\framework\system\CodeIgniter.php(432): CodeIgniter\CodeIgniter->runController(Object(App\Controllers\Guru\Notifikasi))
#9 D:\xampp\htdocs\ci4\vendor\codeigniter4\framework\system\CodeIgniter.php(333): CodeIgniter\CodeIgniter->handleRequest(NULL, Object(Config\Cache), false)
#10 D:\xampp\htdocs\ci4\public\index.php(44): CodeIgniter\CodeIgniter->run()
#11 D:\xampp\htdocs\ci4\vendor\codeigniter4\framework\system\Commands\Server\rewrite.php(45): require_once('D:\\xampp\\htdocs...')
#12 {main}
CRITICAL - 2021-03-22 02:54:04 --> You have an error in your SQL syntax; check the manual that corresponds to your MariaDB server version for the right syntax to use near '*
FROM `surat_masuk`
JOIN `disposisi` ON `surat_masuk`.`id_surat` = `disposis...' at line 1
#0 D:\xampp\htdocs\ci4\vendor\codeigniter4\framework\system\Database\MySQLi\Connection.php(314): mysqli->query('SELECT COUNT(*)...')
#1 D:\xampp\htdocs\ci4\vendor\codeigniter4\framework\system\Database\BaseConnection.php(713): CodeIgniter\Database\MySQLi\Connection->execute('SELECT COUNT(*)...')
#2 D:\xampp\htdocs\ci4\vendor\codeigniter4\framework\system\Database\BaseConnection.php(641): CodeIgniter\Database\BaseConnection->simpleQuery('SELECT COUNT(*)...')
#3 D:\xampp\htdocs\ci4\vendor\codeigniter4\framework\system\Database\BaseBuilder.php(1866): CodeIgniter\Database\BaseConnection->query('SELECT COUNT(*)...', Array, false)
#4 D:\xampp\htdocs\ci4\vendor\codeigniter4\framework\system\Model.php(836): CodeIgniter\Database\BaseBuilder->get()
#5 D:\xampp\htdocs\ci4\app\Models\SuratMasukModel.php(109): CodeIgniter\Model->__call('get', Array)
#6 D:\xampp\htdocs\ci4\app\Controllers\Guru\Notifikasi.php(21): App\Models\SuratMasukModel->countNotification()
#7 D:\xampp\htdocs\ci4\vendor\codeigniter4\framework\system\CodeIgniter.php(936): App\Controllers\Guru\Notifikasi->countNotification()
#8 D:\xampp\htdocs\ci4\vendor\codeigniter4\framework\system\CodeIgniter.php(432): CodeIgniter\CodeIgniter->runController(Object(App\Controllers\Guru\Notifikasi))
#9 D:\xampp\htdocs\ci4\vendor\codeigniter4\framework\system\CodeIgniter.php(333): CodeIgniter\CodeIgniter->handleRequest(NULL, Object(Config\Cache), false)
#10 D:\xampp\htdocs\ci4\public\index.php(44): CodeIgniter\CodeIgniter->run()
#11 D:\xampp\htdocs\ci4\vendor\codeigniter4\framework\system\Commands\Server\rewrite.php(45): require_once('D:\\xampp\\htdocs...')
#12 {main}
ERROR - 2021-03-22 02:54:46 --> mysqli_sql_exception: Unknown column 'surat_masuk*' in 'field list' in D:\xampp\htdocs\ci4\vendor\codeigniter4\framework\system\Database\MySQLi\Connection.php:314
Stack trace:
#0 D:\xampp\htdocs\ci4\vendor\codeigniter4\framework\system\Database\MySQLi\Connection.php(314): mysqli->query('SELECT COUNT(`s...')
#1 D:\xampp\htdocs\ci4\vendor\codeigniter4\framework\system\Database\BaseConnection.php(713): CodeIgniter\Database\MySQLi\Connection->execute('SELECT COUNT(`s...')
#2 D:\xampp\htdocs\ci4\vendor\codeigniter4\framework\system\Database\BaseConnection.php(641): CodeIgniter\Database\BaseConnection->simpleQuery('SELECT COUNT(`s...')
#3 D:\xampp\htdocs\ci4\vendor\codeigniter4\framework\system\Database\BaseBuilder.php(1866): CodeIgniter\Database\BaseConnection->query('SELECT COUNT(`s...', Array, false)
#4 D:\xampp\htdocs\ci4\vendor\codeigniter4\framework\system\Model.php(836): CodeIgniter\Database\BaseBuilder->get()
#5 D:\xampp\htdocs\ci4\app\Models\SuratMasukModel.php(109): CodeIgniter\Model->__call('get', Array)
#6 D:\xampp\htdocs\ci4\app\Controllers\Guru\Notifikasi.php(21): App\Models\SuratMasukModel->countNotification()
#7 D:\xampp\htdocs\ci4\vendor\codeigniter4\framework\system\CodeIgniter.php(936): App\Controllers\Guru\Notifikasi->countNotification()
#8 D:\xampp\htdocs\ci4\vendor\codeigniter4\framework\system\CodeIgniter.php(432): CodeIgniter\CodeIgniter->runController(Object(App\Controllers\Guru\Notifikasi))
#9 D:\xampp\htdocs\ci4\vendor\codeigniter4\framework\system\CodeIgniter.php(333): CodeIgniter\CodeIgniter->handleRequest(NULL, Object(Config\Cache), false)
#10 D:\xampp\htdocs\ci4\public\index.php(44): CodeIgniter\CodeIgniter->run()
#11 D:\xampp\htdocs\ci4\vendor\codeigniter4\framework\system\Commands\Server\rewrite.php(45): require_once('D:\\xampp\\htdocs...')
#12 {main}
CRITICAL - 2021-03-22 02:54:46 --> Unknown column 'surat_masuk*' in 'field list'
#0 D:\xampp\htdocs\ci4\vendor\codeigniter4\framework\system\Database\MySQLi\Connection.php(314): mysqli->query('SELECT COUNT(`s...')
#1 D:\xampp\htdocs\ci4\vendor\codeigniter4\framework\system\Database\BaseConnection.php(713): CodeIgniter\Database\MySQLi\Connection->execute('SELECT COUNT(`s...')
#2 D:\xampp\htdocs\ci4\vendor\codeigniter4\framework\system\Database\BaseConnection.php(641): CodeIgniter\Database\BaseConnection->simpleQuery('SELECT COUNT(`s...')
#3 D:\xampp\htdocs\ci4\vendor\codeigniter4\framework\system\Database\BaseBuilder.php(1866): CodeIgniter\Database\BaseConnection->query('SELECT COUNT(`s...', Array, false)
#4 D:\xampp\htdocs\ci4\vendor\codeigniter4\framework\system\Model.php(836): CodeIgniter\Database\BaseBuilder->get()
#5 D:\xampp\htdocs\ci4\app\Models\SuratMasukModel.php(109): CodeIgniter\Model->__call('get', Array)
#6 D:\xampp\htdocs\ci4\app\Controllers\Guru\Notifikasi.php(21): App\Models\SuratMasukModel->countNotification()
#7 D:\xampp\htdocs\ci4\vendor\codeigniter4\framework\system\CodeIgniter.php(936): App\Controllers\Guru\Notifikasi->countNotification()
#8 D:\xampp\htdocs\ci4\vendor\codeigniter4\framework\system\CodeIgniter.php(432): CodeIgniter\CodeIgniter->runController(Object(App\Controllers\Guru\Notifikasi))
#9 D:\xampp\htdocs\ci4\vendor\codeigniter4\framework\system\CodeIgniter.php(333): CodeIgniter\CodeIgniter->handleRequest(NULL, Object(Config\Cache), false)
#10 D:\xampp\htdocs\ci4\public\index.php(44): CodeIgniter\CodeIgniter->run()
#11 D:\xampp\htdocs\ci4\vendor\codeigniter4\framework\system\Commands\Server\rewrite.php(45): require_once('D:\\xampp\\htdocs...')
#12 {main}
ERROR - 2021-03-22 02:54:54 --> mysqli_sql_exception: You have an error in your SQL syntax; check the manual that corresponds to your MariaDB server version for the right syntax to use near '*) AS *
FROM `surat_masuk`
JOIN `disposisi` ON `surat_masuk`.`id_surat` = `di...' at line 1 in D:\xampp\htdocs\ci4\vendor\codeigniter4\framework\system\Database\MySQLi\Connection.php:314
Stack trace:
#0 D:\xampp\htdocs\ci4\vendor\codeigniter4\framework\system\Database\MySQLi\Connection.php(314): mysqli->query('SELECT COUNT(`s...')
#1 D:\xampp\htdocs\ci4\vendor\codeigniter4\framework\system\Database\BaseConnection.php(713): CodeIgniter\Database\MySQLi\Connection->execute('SELECT COUNT(`s...')
#2 D:\xampp\htdocs\ci4\vendor\codeigniter4\framework\system\Database\BaseConnection.php(641): CodeIgniter\Database\BaseConnection->simpleQuery('SELECT COUNT(`s...')
#3 D:\xampp\htdocs\ci4\vendor\codeigniter4\framework\system\Database\BaseBuilder.php(1866): CodeIgniter\Database\BaseConnection->query('SELECT COUNT(`s...', Array, false)
#4 D:\xampp\htdocs\ci4\vendor\codeigniter4\framework\system\Model.php(836): CodeIgniter\Database\BaseBuilder->get()
#5 D:\xampp\htdocs\ci4\app\Models\SuratMasukModel.php(109): CodeIgniter\Model->__call('get', Array)
#6 D:\xampp\htdocs\ci4\app\Controllers\Guru\Notifikasi.php(21): App\Models\SuratMasukModel->countNotification()
#7 D:\xampp\htdocs\ci4\vendor\codeigniter4\framework\system\CodeIgniter.php(936): App\Controllers\Guru\Notifikasi->countNotification()
#8 D:\xampp\htdocs\ci4\vendor\codeigniter4\framework\system\CodeIgniter.php(432): CodeIgniter\CodeIgniter->runController(Object(App\Controllers\Guru\Notifikasi))
#9 D:\xampp\htdocs\ci4\vendor\codeigniter4\framework\system\CodeIgniter.php(333): CodeIgniter\CodeIgniter->handleRequest(NULL, Object(Config\Cache), false)
#10 D:\xampp\htdocs\ci4\public\index.php(44): CodeIgniter\CodeIgniter->run()
#11 D:\xampp\htdocs\ci4\vendor\codeigniter4\framework\system\Commands\Server\rewrite.php(45): require_once('D:\\xampp\\htdocs...')
#12 {main}
CRITICAL - 2021-03-22 02:54:54 --> You have an error in your SQL syntax; check the manual that corresponds to your MariaDB server version for the right syntax to use near '*) AS *
FROM `surat_masuk`
JOIN `disposisi` ON `surat_masuk`.`id_surat` = `di...' at line 1
#0 D:\xampp\htdocs\ci4\vendor\codeigniter4\framework\system\Database\MySQLi\Connection.php(314): mysqli->query('SELECT COUNT(`s...')
#1 D:\xampp\htdocs\ci4\vendor\codeigniter4\framework\system\Database\BaseConnection.php(713): CodeIgniter\Database\MySQLi\Connection->execute('SELECT COUNT(`s...')
#2 D:\xampp\htdocs\ci4\vendor\codeigniter4\framework\system\Database\BaseConnection.php(641): CodeIgniter\Database\BaseConnection->simpleQuery('SELECT COUNT(`s...')
#3 D:\xampp\htdocs\ci4\vendor\codeigniter4\framework\system\Database\BaseBuilder.php(1866): CodeIgniter\Database\BaseConnection->query('SELECT COUNT(`s...', Array, false)
#4 D:\xampp\htdocs\ci4\vendor\codeigniter4\framework\system\Model.php(836): CodeIgniter\Database\BaseBuilder->get()
#5 D:\xampp\htdocs\ci4\app\Models\SuratMasukModel.php(109): CodeIgniter\Model->__call('get', Array)
#6 D:\xampp\htdocs\ci4\app\Controllers\Guru\Notifikasi.php(21): App\Models\SuratMasukModel->countNotification()
#7 D:\xampp\htdocs\ci4\vendor\codeigniter4\framework\system\CodeIgniter.php(936): App\Controllers\Guru\Notifikasi->countNotification()
#8 D:\xampp\htdocs\ci4\vendor\codeigniter4\framework\system\CodeIgniter.php(432): CodeIgniter\CodeIgniter->runController(Object(App\Controllers\Guru\Notifikasi))
#9 D:\xampp\htdocs\ci4\vendor\codeigniter4\framework\system\CodeIgniter.php(333): CodeIgniter\CodeIgniter->handleRequest(NULL, Object(Config\Cache), false)
#10 D:\xampp\htdocs\ci4\public\index.php(44): CodeIgniter\CodeIgniter->run()
#11 D:\xampp\htdocs\ci4\vendor\codeigniter4\framework\system\Commands\Server\rewrite.php(45): require_once('D:\\xampp\\htdocs...')
#12 {main}
CRITICAL - 2021-03-22 02:57:56 --> syntax error, unexpected 'public' (T_PUBLIC)
#0 D:\xampp\htdocs\ci4\vendor\codeigniter4\framework\system\Autoloader\Autoloader.php(265): CodeIgniter\Autoloader\Autoloader->includeFile('D:\\xampp\\htdocs...')
#1 D:\xampp\htdocs\ci4\vendor\codeigniter4\framework\system\Autoloader\Autoloader.php(228): CodeIgniter\Autoloader\Autoloader->loadInNamespace('App\\Controllers...')
#2 [internal function]: CodeIgniter\Autoloader\Autoloader->loadClass('App\\Controllers...')
#3 [internal function]: spl_autoload_call('App\\Controllers...')
#4 D:\xampp\htdocs\ci4\vendor\codeigniter4\framework\system\CodeIgniter.php(893): class_exists('\\App\\Controller...', true)
#5 D:\xampp\htdocs\ci4\vendor\codeigniter4\framework\system\CodeIgniter.php(417): CodeIgniter\CodeIgniter->startController()
#6 D:\xampp\htdocs\ci4\vendor\codeigniter4\framework\system\CodeIgniter.php(333): CodeIgniter\CodeIgniter->handleRequest(NULL, Object(Config\Cache), false)
#7 D:\xampp\htdocs\ci4\public\index.php(44): CodeIgniter\CodeIgniter->run()
#8 D:\xampp\htdocs\ci4\vendor\codeigniter4\framework\system\Commands\Server\rewrite.php(45): require_once('D:\\xampp\\htdocs...')
#9 {main}
CRITICAL - 2021-03-22 02:57:56 --> syntax error, unexpected 'public' (T_PUBLIC)
#0 D:\xampp\htdocs\ci4\vendor\codeigniter4\framework\system\Autoloader\Autoloader.php(265): CodeIgniter\Autoloader\Autoloader->includeFile('D:\\xampp\\htdocs...')
#1 D:\xampp\htdocs\ci4\vendor\codeigniter4\framework\system\Autoloader\Autoloader.php(228): CodeIgniter\Autoloader\Autoloader->loadInNamespace('App\\Controllers...')
#2 [internal function]: CodeIgniter\Autoloader\Autoloader->loadClass('App\\Controllers...')
#3 [internal function]: spl_autoload_call('App\\Controllers...')
#4 D:\xampp\htdocs\ci4\vendor\codeigniter4\framework\system\CodeIgniter.php(893): class_exists('\\App\\Controller...', true)
#5 D:\xampp\htdocs\ci4\vendor\codeigniter4\framework\system\CodeIgniter.php(417): CodeIgniter\CodeIgniter->startController()
#6 D:\xampp\htdocs\ci4\vendor\codeigniter4\framework\system\CodeIgniter.php(333): CodeIgniter\CodeIgniter->handleRequest(NULL, Object(Config\Cache), false)
#7 D:\xampp\htdocs\ci4\public\index.php(44): CodeIgniter\CodeIgniter->run()
#8 D:\xampp\htdocs\ci4\vendor\codeigniter4\framework\system\Commands\Server\rewrite.php(45): require_once('D:\\xampp\\htdocs...')
#9 {main}
CRITICAL - 2021-03-22 02:58:01 --> syntax error, unexpected 'public' (T_PUBLIC)
#0 D:\xampp\htdocs\ci4\vendor\codeigniter4\framework\system\Autoloader\Autoloader.php(265): CodeIgniter\Autoloader\Autoloader->includeFile('D:\\xampp\\htdocs...')
#1 D:\xampp\htdocs\ci4\vendor\codeigniter4\framework\system\Autoloader\Autoloader.php(228): CodeIgniter\Autoloader\Autoloader->loadInNamespace('App\\Controllers...')
#2 [internal function]: CodeIgniter\Autoloader\Autoloader->loadClass('App\\Controllers...')
#3 [internal function]: spl_autoload_call('App\\Controllers...')
#4 D:\xampp\htdocs\ci4\vendor\codeigniter4\framework\system\CodeIgniter.php(893): class_exists('\\App\\Controller...', true)
#5 D:\xampp\htdocs\ci4\vendor\codeigniter4\framework\system\CodeIgniter.php(417): CodeIgniter\CodeIgniter->startController()
#6 D:\xampp\htdocs\ci4\vendor\codeigniter4\framework\system\CodeIgniter.php(333): CodeIgniter\CodeIgniter->handleRequest(NULL, Object(Config\Cache), false)
#7 D:\xampp\htdocs\ci4\public\index.php(44): CodeIgniter\CodeIgniter->run()
#8 D:\xampp\htdocs\ci4\vendor\codeigniter4\framework\system\Commands\Server\rewrite.php(45): require_once('D:\\xampp\\htdocs...')
#9 {main}
CRITICAL - 2021-03-22 02:58:12 --> syntax error, unexpected 'public' (T_PUBLIC)
#0 D:\xampp\htdocs\ci4\vendor\codeigniter4\framework\system\Autoloader\Autoloader.php(265): CodeIgniter\Autoloader\Autoloader->includeFile('D:\\xampp\\htdocs...')
#1 D:\xampp\htdocs\ci4\vendor\codeigniter4\framework\system\Autoloader\Autoloader.php(228): CodeIgniter\Autoloader\Autoloader->loadInNamespace('App\\Controllers...')
#2 [internal function]: CodeIgniter\Autoloader\Autoloader->loadClass('App\\Controllers...')
#3 [internal function]: spl_autoload_call('App\\Controllers...')
#4 D:\xampp\htdocs\ci4\vendor\codeigniter4\framework\system\CodeIgniter.php(893): class_exists('\\App\\Controller...', true)
#5 D:\xampp\htdocs\ci4\vendor\codeigniter4\framework\system\CodeIgniter.php(417): CodeIgniter\CodeIgniter->startController()
#6 D:\xampp\htdocs\ci4\vendor\codeigniter4\framework\system\CodeIgniter.php(333): CodeIgniter\CodeIgniter->handleRequest(NULL, Object(Config\Cache), false)
#7 D:\xampp\htdocs\ci4\public\index.php(44): CodeIgniter\CodeIgniter->run()
#8 D:\xampp\htdocs\ci4\vendor\codeigniter4\framework\system\Commands\Server\rewrite.php(45): require_once('D:\\xampp\\htdocs...')
#9 {main}
CRITICAL - 2021-03-22 02:58:12 --> syntax error, unexpected 'public' (T_PUBLIC)
#0 D:\xampp\htdocs\ci4\vendor\codeigniter4\framework\system\Autoloader\Autoloader.php(265): CodeIgniter\Autoloader\Autoloader->includeFile('D:\\xampp\\htdocs...')
#1 D:\xampp\htdocs\ci4\vendor\codeigniter4\framework\system\Autoloader\Autoloader.php(228): CodeIgniter\Autoloader\Autoloader->loadInNamespace('App\\Controllers...')
#2 [internal function]: CodeIgniter\Autoloader\Autoloader->loadClass('App\\Controllers...')
#3 [internal function]: spl_autoload_call('App\\Controllers...')
#4 D:\xampp\htdocs\ci4\vendor\codeigniter4\framework\system\CodeIgniter.php(893): class_exists('\\App\\Controller...', true)
#5 D:\xampp\htdocs\ci4\vendor\codeigniter4\framework\system\CodeIgniter.php(417): CodeIgniter\CodeIgniter->startController()
#6 D:\xampp\htdocs\ci4\vendor\codeigniter4\framework\system\CodeIgniter.php(333): CodeIgniter\CodeIgniter->handleRequest(NULL, Object(Config\Cache), false)
#7 D:\xampp\htdocs\ci4\public\index.php(44): CodeIgniter\CodeIgniter->run()
#8 D:\xampp\htdocs\ci4\vendor\codeigniter4\framework\system\Commands\Server\rewrite.php(45): require_once('D:\\xampp\\htdocs...')
#9 {main}
CRITICAL - 2021-03-22 02:58:38 --> Undefined property: App\Controllers\Guru\Notifikasi::$output
#0 D:\xampp\htdocs\ci4\app\Controllers\Guru\Notifikasi.php(31): CodeIgniter\Debug\Exceptions->errorHandler(8, 'Undefined prope...', 'D:\\xampp\\htdocs...', 31, Array)
#1 D:\xampp\htdocs\ci4\vendor\codeigniter4\framework\system\CodeIgniter.php(936): App\Controllers\Guru\Notifikasi->countNotification()
#2 D:\xampp\htdocs\ci4\vendor\codeigniter4\framework\system\CodeIgniter.php(432): CodeIgniter\CodeIgniter->runController(Object(App\Controllers\Guru\Notifikasi))
#3 D:\xampp\htdocs\ci4\vendor\codeigniter4\framework\system\CodeIgniter.php(333): CodeIgniter\CodeIgniter->handleRequest(NULL, Object(Config\Cache), false)
#4 D:\xampp\htdocs\ci4\public\index.php(44): CodeIgniter\CodeIgniter->run()
#5 D:\xampp\htdocs\ci4\vendor\codeigniter4\framework\system\Commands\Server\rewrite.php(45): require_once('D:\\xampp\\htdocs...')
#6 {main}
ERROR - 2021-03-22 23:09:13 --> mysqli_sql_exception: Column 'id_surat' in where clause is ambiguous in D:\xampp\htdocs\ci4\vendor\codeigniter4\framework\system\Database\MySQLi\Connection.php:314
Stack trace:
#0 D:\xampp\htdocs\ci4\vendor\codeigniter4\framework\system\Database\MySQLi\Connection.php(314): mysqli->query('SELECT `surat_m...')
#1 D:\xampp\htdocs\ci4\vendor\codeigniter4\framework\system\Database\BaseConnection.php(713): CodeIgniter\Database\MySQLi\Connection->execute('SELECT `surat_m...')
#2 D:\xampp\htdocs\ci4\vendor\codeigniter4\framework\system\Database\BaseConnection.php(641): CodeIgniter\Database\BaseConnection->simpleQuery('SELECT `surat_m...')
#3 D:\xampp\htdocs\ci4\vendor\codeigniter4\framework\system\Database\BaseBuilder.php(1866): CodeIgniter\Database\BaseConnection->query('SELECT `surat_m...', Array, false)
#4 D:\xampp\htdocs\ci4\app\Models\SuratMasukModel.php(66): CodeIgniter\Database\BaseBuilder->get()
#5 D:\xampp\htdocs\ci4\app\Controllers\Admin\SuratMasuk.php(38): App\Models\SuratMasukModel->get_datatables('surat_masuk', Array, Array, Array, Array)
#6 D:\xampp\htdocs\ci4\vendor\codeigniter4\framework\system\CodeIgniter.php(936): App\Controllers\Admin\SuratMasuk->ajax_list()
#7 D:\xampp\htdocs\ci4\vendor\codeigniter4\framework\system\CodeIgniter.php(432): CodeIgniter\CodeIgniter->runController(Object(App\Controllers\Admin\SuratMasuk))
#8 D:\xampp\htdocs\ci4\vendor\codeigniter4\framework\system\CodeIgniter.php(333): CodeIgniter\CodeIgniter->handleRequest(NULL, Object(Config\Cache), false)
#9 D:\xampp\htdocs\ci4\public\index.php(44): CodeIgniter\CodeIgniter->run()
#10 D:\xampp\htdocs\ci4\vendor\codeigniter4\framework\system\Commands\Server\rewrite.php(45): require_once('D:\\xampp\\htdocs...')
#11 {main}
CRITICAL - 2021-03-22 23:09:13 --> Column 'id_surat' in where clause is ambiguous
#0 D:\xampp\htdocs\ci4\vendor\codeigniter4\framework\system\Database\MySQLi\Connection.php(314): mysqli->query('SELECT `surat_m...')
#1 D:\xampp\htdocs\ci4\vendor\codeigniter4\framework\system\Database\BaseConnection.php(713): CodeIgniter\Database\MySQLi\Connection->execute('SELECT `surat_m...')
#2 D:\xampp\htdocs\ci4\vendor\codeigniter4\framework\system\Database\BaseConnection.php(641): CodeIgniter\Database\BaseConnection->simpleQuery('SELECT `surat_m...')
#3 D:\xampp\htdocs\ci4\vendor\codeigniter4\framework\system\Database\BaseBuilder.php(1866): CodeIgniter\Database\BaseConnection->query('SELECT `surat_m...', Array, false)
#4 D:\xampp\htdocs\ci4\app\Models\SuratMasukModel.php(66): CodeIgniter\Database\BaseBuilder->get()
#5 D:\xampp\htdocs\ci4\app\Controllers\Admin\SuratMasuk.php(38): App\Models\SuratMasukModel->get_datatables('surat_masuk', Array, Array, Array, Array)
#6 D:\xampp\htdocs\ci4\vendor\codeigniter4\framework\system\CodeIgniter.php(936): App\Controllers\Admin\SuratMasuk->ajax_list()
#7 D:\xampp\htdocs\ci4\vendor\codeigniter4\framework\system\CodeIgniter.php(432): CodeIgniter\CodeIgniter->runController(Object(App\Controllers\Admin\SuratMasuk))
#8 D:\xampp\htdocs\ci4\vendor\codeigniter4\framework\system\CodeIgniter.php(333): CodeIgniter\CodeIgniter->handleRequest(NULL, Object(Config\Cache), false)
#9 D:\xampp\htdocs\ci4\public\index.php(44): CodeIgniter\CodeIgniter->run()
#10 D:\xampp\htdocs\ci4\vendor\codeigniter4\framework\system\Commands\Server\rewrite.php(45): require_once('D:\\xampp\\htdocs...')
#11 {main}
ERROR - 2021-03-22 23:09:17 --> mysqli_sql_exception: Column 'id_surat' in where clause is ambiguous in D:\xampp\htdocs\ci4\vendor\codeigniter4\framework\system\Database\MySQLi\Connection.php:314
Stack trace:
#0 D:\xampp\htdocs\ci4\vendor\codeigniter4\framework\system\Database\MySQLi\Connection.php(314): mysqli->query('SELECT `surat_m...')
#1 D:\xampp\htdocs\ci4\vendor\codeigniter4\framework\system\Database\BaseConnection.php(713): CodeIgniter\Database\MySQLi\Connection->execute('SELECT `surat_m...')
#2 D:\xampp\htdocs\ci4\vendor\codeigniter4\framework\system\Database\BaseConnection.php(641): CodeIgniter\Database\BaseConnection->simpleQuery('SELECT `surat_m...')
#3 D:\xampp\htdocs\ci4\vendor\codeigniter4\framework\system\Database\BaseBuilder.php(1866): CodeIgniter\Database\BaseConnection->query('SELECT `surat_m...', Array, false)
#4 D:\xampp\htdocs\ci4\app\Models\SuratMasukModel.php(66): CodeIgniter\Database\BaseBuilder->get()
#5 D:\xampp\htdocs\ci4\app\Controllers\Admin\SuratMasuk.php(38): App\Models\SuratMasukModel->get_datatables('surat_masuk', Array, Array, Array, Array)
#6 D:\xampp\htdocs\ci4\vendor\codeigniter4\framework\system\CodeIgniter.php(936): App\Controllers\Admin\SuratMasuk->ajax_list()
#7 D:\xampp\htdocs\ci4\vendor\codeigniter4\framework\system\CodeIgniter.php(432): CodeIgniter\CodeIgniter->runController(Object(App\Controllers\Admin\SuratMasuk))
#8 D:\xampp\htdocs\ci4\vendor\codeigniter4\framework\system\CodeIgniter.php(333): CodeIgniter\CodeIgniter->handleRequest(NULL, Object(Config\Cache), false)
#9 D:\xampp\htdocs\ci4\public\index.php(44): CodeIgniter\CodeIgniter->run()
#10 D:\xampp\htdocs\ci4\vendor\codeigniter4\framework\system\Commands\Server\rewrite.php(45): require_once('D:\\xampp\\htdocs...')
#11 {main}
CRITICAL - 2021-03-22 23:09:17 --> Column 'id_surat' in where clause is ambiguous
#0 D:\xampp\htdocs\ci4\vendor\codeigniter4\framework\system\Database\MySQLi\Connection.php(314): mysqli->query('SELECT `surat_m...')
#1 D:\xampp\htdocs\ci4\vendor\codeigniter4\framework\system\Database\BaseConnection.php(713): CodeIgniter\Database\MySQLi\Connection->execute('SELECT `surat_m...')
#2 D:\xampp\htdocs\ci4\vendor\codeigniter4\framework\system\Database\BaseConnection.php(641): CodeIgniter\Database\BaseConnection->simpleQuery('SELECT `surat_m...')
#3 D:\xampp\htdocs\ci4\vendor\codeigniter4\framework\system\Database\BaseBuilder.php(1866): CodeIgniter\Database\BaseConnection->query('SELECT `surat_m...', Array, false)
#4 D:\xampp\htdocs\ci4\app\Models\SuratMasukModel.php(66): CodeIgniter\Database\BaseBuilder->get()
#5 D:\xampp\htdocs\ci4\app\Controllers\Admin\SuratMasuk.php(38): App\Models\SuratMasukModel->get_datatables('surat_masuk', Array, Array, Array, Array)
#6 D:\xampp\htdocs\ci4\vendor\codeigniter4\framework\system\CodeIgniter.php(936): App\Controllers\Admin\SuratMasuk->ajax_list()
#7 D:\xampp\htdocs\ci4\vendor\codeigniter4\framework\system\CodeIgniter.php(432): CodeIgniter\CodeIgniter->runController(Object(App\Controllers\Admin\SuratMasuk))
#8 D:\xampp\htdocs\ci4\vendor\codeigniter4\framework\system\CodeIgniter.php(333): CodeIgniter\CodeIgniter->handleRequest(NULL, Object(Config\Cache), false)
#9 D:\xampp\htdocs\ci4\public\index.php(44): CodeIgniter\CodeIgniter->run()
#10 D:\xampp\htdocs\ci4\vendor\codeigniter4\framework\system\Commands\Server\rewrite.php(45): require_once('D:\\xampp\\htdocs...')
#11 {main}
ERROR - 2021-03-22 23:09:22 --> mysqli_sql_exception: Column 'id_surat' in where clause is ambiguous in D:\xampp\htdocs\ci4\vendor\codeigniter4\framework\system\Database\MySQLi\Connection.php:314
Stack trace:
#0 D:\xampp\htdocs\ci4\vendor\codeigniter4\framework\system\Database\MySQLi\Connection.php(314): mysqli->query('SELECT `surat_m...')
#1 D:\xampp\htdocs\ci4\vendor\codeigniter4\framework\system\Database\BaseConnection.php(713): CodeIgniter\Database\MySQLi\Connection->execute('SELECT `surat_m...')
#2 D:\xampp\htdocs\ci4\vendor\codeigniter4\framework\system\Database\BaseConnection.php(641): CodeIgniter\Database\BaseConnection->simpleQuery('SELECT `surat_m...')
#3 D:\xampp\htdocs\ci4\vendor\codeigniter4\framework\system\Database\BaseBuilder.php(1866): CodeIgniter\Database\BaseConnection->query('SELECT `surat_m...', Array, false)
#4 D:\xampp\htdocs\ci4\app\Models\SuratMasukModel.php(66): CodeIgniter\Database\BaseBuilder->get()
#5 D:\xampp\htdocs\ci4\app\Controllers\Admin\SuratMasuk.php(38): App\Models\SuratMasukModel->get_datatables('surat_masuk', Array, Array, Array, Array)
#6 D:\xampp\htdocs\ci4\vendor\codeigniter4\framework\system\CodeIgniter.php(936): App\Controllers\Admin\SuratMasuk->ajax_list()
#7 D:\xampp\htdocs\ci4\vendor\codeigniter4\framework\system\CodeIgniter.php(432): CodeIgniter\CodeIgniter->runController(Object(App\Controllers\Admin\SuratMasuk))
#8 D:\xampp\htdocs\ci4\vendor\codeigniter4\framework\system\CodeIgniter.php(333): CodeIgniter\CodeIgniter->handleRequest(NULL, Object(Config\Cache), false)
#9 D:\xampp\htdocs\ci4\public\index.php(44): CodeIgniter\CodeIgniter->run()
#10 D:\xampp\htdocs\ci4\vendor\codeigniter4\framework\system\Commands\Server\rewrite.php(45): require_once('D:\\xampp\\htdocs...')
#11 {main}
CRITICAL - 2021-03-22 23:09:22 --> Column 'id_surat' in where clause is ambiguous
#0 D:\xampp\htdocs\ci4\vendor\codeigniter4\framework\system\Database\MySQLi\Connection.php(314): mysqli->query('SELECT `surat_m...')
#1 D:\xampp\htdocs\ci4\vendor\codeigniter4\framework\system\Database\BaseConnection.php(713): CodeIgniter\Database\MySQLi\Connection->execute('SELECT `surat_m...')
#2 D:\xampp\htdocs\ci4\vendor\codeigniter4\framework\system\Database\BaseConnection.php(641): CodeIgniter\Database\BaseConnection->simpleQuery('SELECT `surat_m...')
#3 D:\xampp\htdocs\ci4\vendor\codeigniter4\framework\system\Database\BaseBuilder.php(1866): CodeIgniter\Database\BaseConnection->query('SELECT `surat_m...', Array, false)
#4 D:\xampp\htdocs\ci4\app\Models\SuratMasukModel.php(66): CodeIgniter\Database\BaseBuilder->get()
#5 D:\xampp\htdocs\ci4\app\Controllers\Admin\SuratMasuk.php(38): App\Models\SuratMasukModel->get_datatables('surat_masuk', Array, Array, Array, Array)
#6 D:\xampp\htdocs\ci4\vendor\codeigniter4\framework\system\CodeIgniter.php(936): App\Controllers\Admin\SuratMasuk->ajax_list()
#7 D:\xampp\htdocs\ci4\vendor\codeigniter4\framework\system\CodeIgniter.php(432): CodeIgniter\CodeIgniter->runController(Object(App\Controllers\Admin\SuratMasuk))
#8 D:\xampp\htdocs\ci4\vendor\codeigniter4\framework\system\CodeIgniter.php(333): CodeIgniter\CodeIgniter->handleRequest(NULL, Object(Config\Cache), false)
#9 D:\xampp\htdocs\ci4\public\index.php(44): CodeIgniter\CodeIgniter->run()
#10 D:\xampp\htdocs\ci4\vendor\codeigniter4\framework\system\Commands\Server\rewrite.php(45): require_once('D:\\xampp\\htdocs...')
#11 {main}
CRITICAL - 2021-03-22 23:24:33 --> Undefined variable: sessionLevel
#0 D:\xampp\htdocs\ci4\app\Views\template\sidebar.php(10): CodeIgniter\Debug\Exceptions->errorHandler(8, 'Undefined varia...', 'D:\\xampp\\htdocs...', 10, Array)
#1 D:\xampp\htdocs\ci4\vendor\codeigniter4\framework\system\View\View.php(220): include('D:\\xampp\\htdocs...')
#2 D:\xampp\htdocs\ci4\vendor\codeigniter4\framework\system\View\View.php(222): CodeIgniter\View\View->CodeIgniter\View\{closure}()
#3 D:\xampp\htdocs\ci4\vendor\codeigniter4\framework\system\View\View.php(468): CodeIgniter\View\View->render('template/sideba...', NULL, true)
#4 D:\xampp\htdocs\ci4\app\Views\template\template.php(75): CodeIgniter\View\View->include('template/sideba...')
#5 D:\xampp\htdocs\ci4\vendor\codeigniter4\framework\system\View\View.php(220): include('D:\\xampp\\htdocs...')
#6 D:\xampp\htdocs\ci4\vendor\codeigniter4\framework\system\View\View.php(222): CodeIgniter\View\View->CodeIgniter\View\{closure}()
#7 D:\xampp\htdocs\ci4\vendor\codeigniter4\framework\system\View\View.php(236): CodeIgniter\View\View->render('template/templa...', Array, true)
#8 D:\xampp\htdocs\ci4\vendor\codeigniter4\framework\system\Common.php(1217): CodeIgniter\View\View->render('admin/dashboard', Array, true)
#9 D:\xampp\htdocs\ci4\app\Controllers\Admin\Dashboard.php(26): view('admin/dashboard', Array)
#10 D:\xampp\htdocs\ci4\vendor\codeigniter4\framework\system\CodeIgniter.php(936): App\Controllers\Admin\Dashboard->index()
#11 D:\xampp\htdocs\ci4\vendor\codeigniter4\framework\system\CodeIgniter.php(432): CodeIgniter\CodeIgniter->runController(Object(App\Controllers\Admin\Dashboard))
#12 D:\xampp\htdocs\ci4\vendor\codeigniter4\framework\system\CodeIgniter.php(333): CodeIgniter\CodeIgniter->handleRequest(NULL, Object(Config\Cache), false)
#13 D:\xampp\htdocs\ci4\public\index.php(44): CodeIgniter\CodeIgniter->run()
#14 D:\xampp\htdocs\ci4\vendor\codeigniter4\framework\system\Commands\Server\rewrite.php(45): require_once('D:\\xampp\\htdocs...')
#15 {main}
CRITICAL - 2021-03-22 23:29:32 --> Undefined property: CodeIgniter\View\View::$session
#0 D:\xampp\htdocs\ci4\app\Views\template\sidebar.php(10): CodeIgniter\Debug\Exceptions->errorHandler(8, 'Undefined prope...', 'D:\\xampp\\htdocs...', 10, Array)
#1 D:\xampp\htdocs\ci4\vendor\codeigniter4\framework\system\View\View.php(220): include('D:\\xampp\\htdocs...')
#2 D:\xampp\htdocs\ci4\vendor\codeigniter4\framework\system\View\View.php(222): CodeIgniter\View\View->CodeIgniter\View\{closure}()
#3 D:\xampp\htdocs\ci4\vendor\codeigniter4\framework\system\View\View.php(468): CodeIgniter\View\View->render('template/sideba...', NULL, true)
#4 D:\xampp\htdocs\ci4\app\Views\template\template.php(75): CodeIgniter\View\View->include('template/sideba...')
#5 D:\xampp\htdocs\ci4\vendor\codeigniter4\framework\system\View\View.php(220): include('D:\\xampp\\htdocs...')
#6 D:\xampp\htdocs\ci4\vendor\codeigniter4\framework\system\View\View.php(222): CodeIgniter\View\View->CodeIgniter\View\{closure}()
#7 D:\xampp\htdocs\ci4\vendor\codeigniter4\framework\system\View\View.php(236): CodeIgniter\View\View->render('template/templa...', Array, true)
#8 D:\xampp\htdocs\ci4\vendor\codeigniter4\framework\system\Common.php(1217): CodeIgniter\View\View->render('admin/dashboard', Array, true)
#9 D:\xampp\htdocs\ci4\app\Controllers\Admin\Dashboard.php(26): view('admin/dashboard', Array)
#10 D:\xampp\htdocs\ci4\vendor\codeigniter4\framework\system\CodeIgniter.php(936): App\Controllers\Admin\Dashboard->index()
#11 D:\xampp\htdocs\ci4\vendor\codeigniter4\framework\system\CodeIgniter.php(432): CodeIgniter\CodeIgniter->runController(Object(App\Controllers\Admin\Dashboard))
#12 D:\xampp\htdocs\ci4\vendor\codeigniter4\framework\system\CodeIgniter.php(333): CodeIgniter\CodeIgniter->handleRequest(NULL, Object(Config\Cache), false)
#13 D:\xampp\htdocs\ci4\public\index.php(44): CodeIgniter\CodeIgniter->run()
#14 D:\xampp\htdocs\ci4\vendor\codeigniter4\framework\system\Commands\Server\rewrite.php(45): require_once('D:\\xampp\\htdocs...')
#15 {main}
CRITICAL - 2021-03-22 23:29:48 --> syntax error, unexpected '->' (T_OBJECT_OPERATOR)
#0 D:\xampp\htdocs\ci4\vendor\codeigniter4\framework\system\View\View.php(222): CodeIgniter\View\View->CodeIgniter\View\{closure}()
#1 D:\xampp\htdocs\ci4\vendor\codeigniter4\framework\system\View\View.php(468): CodeIgniter\View\View->render('template/sideba...', NULL, true)
#2 D:\xampp\htdocs\ci4\app\Views\template\template.php(75): CodeIgniter\View\View->include('template/sideba...')
#3 D:\xampp\htdocs\ci4\vendor\codeigniter4\framework\system\View\View.php(220): include('D:\\xampp\\htdocs...')
#4 D:\xampp\htdocs\ci4\vendor\codeigniter4\framework\system\View\View.php(222): CodeIgniter\View\View->CodeIgniter\View\{closure}()
#5 D:\xampp\htdocs\ci4\vendor\codeigniter4\framework\system\View\View.php(236): CodeIgniter\View\View->render('template/templa...', Array, true)
#6 D:\xampp\htdocs\ci4\vendor\codeigniter4\framework\system\Common.php(1217): CodeIgniter\View\View->render('admin/dashboard', Array, true)
#7 D:\xampp\htdocs\ci4\app\Controllers\Admin\Dashboard.php(26): view('admin/dashboard', Array)
#8 D:\xampp\htdocs\ci4\vendor\codeigniter4\framework\system\CodeIgniter.php(936): App\Controllers\Admin\Dashboard->index()
#9 D:\xampp\htdocs\ci4\vendor\codeigniter4\framework\system\CodeIgniter.php(432): CodeIgniter\CodeIgniter->runController(Object(App\Controllers\Admin\Dashboard))
#10 D:\xampp\htdocs\ci4\vendor\codeigniter4\framework\system\CodeIgniter.php(333): CodeIgniter\CodeIgniter->handleRequest(NULL, Object(Config\Cache), false)
#11 D:\xampp\htdocs\ci4\public\index.php(44): CodeIgniter\CodeIgniter->run()
#12 D:\xampp\htdocs\ci4\vendor\codeigniter4\framework\system\Commands\Server\rewrite.php(45): require_once('D:\\xampp\\htdocs...')
#13 {main}
CRITICAL - 2021-03-22 23:32:29 --> Undefined variable: urlSuratMasuk
#0 D:\xampp\htdocs\ci4\app\Views\template\sidebar.php(15): CodeIgniter\Debug\Exceptions->errorHandler(8, 'Undefined varia...', 'D:\\xampp\\htdocs...', 15, Array)
#1 D:\xampp\htdocs\ci4\vendor\codeigniter4\framework\system\View\View.php(220): include('D:\\xampp\\htdocs...')
#2 D:\xampp\htdocs\ci4\vendor\codeigniter4\framework\system\View\View.php(222): CodeIgniter\View\View->CodeIgniter\View\{closure}()
#3 D:\xampp\htdocs\ci4\vendor\codeigniter4\framework\system\View\View.php(468): CodeIgniter\View\View->render('template/sideba...', NULL, true)
#4 D:\xampp\htdocs\ci4\app\Views\template\template.php(75): CodeIgniter\View\View->include('template/sideba...')
#5 D:\xampp\htdocs\ci4\vendor\codeigniter4\framework\system\View\View.php(220): include('D:\\xampp\\htdocs...')
#6 D:\xampp\htdocs\ci4\vendor\codeigniter4\framework\system\View\View.php(222): CodeIgniter\View\View->CodeIgniter\View\{closure}()
#7 D:\xampp\htdocs\ci4\vendor\codeigniter4\framework\system\View\View.php(236): CodeIgniter\View\View->render('template/templa...', Array, true)
#8 D:\xampp\htdocs\ci4\vendor\codeigniter4\framework\system\Common.php(1217): CodeIgniter\View\View->render('admin/suratmasu...', Array, true)
#9 D:\xampp\htdocs\ci4\app\Controllers\Admin\SuratMasuk.php(29): view('admin/suratmasu...', Array)
#10 D:\xampp\htdocs\ci4\vendor\codeigniter4\framework\system\CodeIgniter.php(936): App\Controllers\Admin\SuratMasuk->index()
#11 D:\xampp\htdocs\ci4\vendor\codeigniter4\framework\system\CodeIgniter.php(432): CodeIgniter\CodeIgniter->runController(Object(App\Controllers\Admin\SuratMasuk))
#12 D:\xampp\htdocs\ci4\vendor\codeigniter4\framework\system\CodeIgniter.php(333): CodeIgniter\CodeIgniter->handleRequest(NULL, Object(Config\Cache), false)
#13 D:\xampp\htdocs\ci4\public\index.php(44): CodeIgniter\CodeIgniter->run()
#14 D:\xampp\htdocs\ci4\vendor\codeigniter4\framework\system\Commands\Server\rewrite.php(45): require_once('D:\\xampp\\htdocs...')
#15 {main}
CRITICAL - 2021-03-22 23:32:48 --> Undefined variable: urlSuratMasuk
#0 D:\xampp\htdocs\ci4\app\Views\template\sidebar.php(15): CodeIgniter\Debug\Exceptions->errorHandler(8, 'Undefined varia...', 'D:\\xampp\\htdocs...', 15, Array)
#1 D:\xampp\htdocs\ci4\vendor\codeigniter4\framework\system\View\View.php(220): include('D:\\xampp\\htdocs...')
#2 D:\xampp\htdocs\ci4\vendor\codeigniter4\framework\system\View\View.php(222): CodeIgniter\View\View->CodeIgniter\View\{closure}()
#3 D:\xampp\htdocs\ci4\vendor\codeigniter4\framework\system\View\View.php(468): CodeIgniter\View\View->render('template/sideba...', NULL, true)
#4 D:\xampp\htdocs\ci4\app\Views\template\template.php(75): CodeIgniter\View\View->include('template/sideba...')
#5 D:\xampp\htdocs\ci4\vendor\codeigniter4\framework\system\View\View.php(220): include('D:\\xampp\\htdocs...')
#6 D:\xampp\htdocs\ci4\vendor\codeigniter4\framework\system\View\View.php(222): CodeIgniter\View\View->CodeIgniter\View\{closure}()
#7 D:\xampp\htdocs\ci4\vendor\codeigniter4\framework\system\View\View.php(236): CodeIgniter\View\View->render('template/templa...', Array, true)
#8 D:\xampp\htdocs\ci4\vendor\codeigniter4\framework\system\Common.php(1217): CodeIgniter\View\View->render('admin/suratmasu...', Array, true)
#9 D:\xampp\htdocs\ci4\app\Controllers\Admin\SuratMasuk.php(29): view('admin/suratmasu...', Array)
#10 D:\xampp\htdocs\ci4\vendor\codeigniter4\framework\system\CodeIgniter.php(936): App\Controllers\Admin\SuratMasuk->index()
#11 D:\xampp\htdocs\ci4\vendor\codeigniter4\framework\system\CodeIgniter.php(432): CodeIgniter\CodeIgniter->runController(Object(App\Controllers\Admin\SuratMasuk))
#12 D:\xampp\htdocs\ci4\vendor\codeigniter4\framework\system\CodeIgniter.php(333): CodeIgniter\CodeIgniter->handleRequest(NULL, Object(Config\Cache), false)
#13 D:\xampp\htdocs\ci4\public\index.php(44): CodeIgniter\CodeIgniter->run()
#14 D:\xampp\htdocs\ci4\vendor\codeigniter4\framework\system\Commands\Server\rewrite.php(45): require_once('D:\\xampp\\htdocs...')
#15 {main}
CRITICAL - 2021-03-22 23:32:54 --> Undefined variable: urlSuratMasuk
#0 D:\xampp\htdocs\ci4\app\Views\template\sidebar.php(15): CodeIgniter\Debug\Exceptions->errorHandler(8, 'Undefined varia...', 'D:\\xampp\\htdocs...', 15, Array)
#1 D:\xampp\htdocs\ci4\vendor\codeigniter4\framework\system\View\View.php(220): include('D:\\xampp\\htdocs...')
#2 D:\xampp\htdocs\ci4\vendor\codeigniter4\framework\system\View\View.php(222): CodeIgniter\View\View->CodeIgniter\View\{closure}()
#3 D:\xampp\htdocs\ci4\vendor\codeigniter4\framework\system\View\View.php(468): CodeIgniter\View\View->render('template/sideba...', NULL, true)
#4 D:\xampp\htdocs\ci4\app\Views\template\template.php(75): CodeIgniter\View\View->include('template/sideba...')
#5 D:\xampp\htdocs\ci4\vendor\codeigniter4\framework\system\View\View.php(220): include('D:\\xampp\\htdocs...')
#6 D:\xampp\htdocs\ci4\vendor\codeigniter4\framework\system\View\View.php(222): CodeIgniter\View\View->CodeIgniter\View\{closure}()
#7 D:\xampp\htdocs\ci4\vendor\codeigniter4\framework\system\View\View.php(236): CodeIgniter\View\View->render('template/templa...', Array, true)
#8 D:\xampp\htdocs\ci4\vendor\codeigniter4\framework\system\Common.php(1217): CodeIgniter\View\View->render('admin/suratmasu...', Array, true)
#9 D:\xampp\htdocs\ci4\app\Controllers\Admin\SuratMasuk.php(29): view('admin/suratmasu...', Array)
#10 D:\xampp\htdocs\ci4\vendor\codeigniter4\framework\system\CodeIgniter.php(936): App\Controllers\Admin\SuratMasuk->index()
#11 D:\xampp\htdocs\ci4\vendor\codeigniter4\framework\system\CodeIgniter.php(432): CodeIgniter\CodeIgniter->runController(Object(App\Controllers\Admin\SuratMasuk))
#12 D:\xampp\htdocs\ci4\vendor\codeigniter4\framework\system\CodeIgniter.php(333): CodeIgniter\CodeIgniter->handleRequest(NULL, Object(Config\Cache), false)
#13 D:\xampp\htdocs\ci4\public\index.php(44): CodeIgniter\CodeIgniter->run()
#14 D:\xampp\htdocs\ci4\vendor\codeigniter4\framework\system\Commands\Server\rewrite.php(45): require_once('D:\\xampp\\htdocs...')
#15 {main}
CRITICAL - 2021-03-22 23:33:18 --> Undefined variable: urlSuratMasuk
#0 D:\xampp\htdocs\ci4\app\Views\template\sidebar.php(15): CodeIgniter\Debug\Exceptions->errorHandler(8, 'Undefined varia...', 'D:\\xampp\\htdocs...', 15, Array)
#1 D:\xampp\htdocs\ci4\vendor\codeigniter4\framework\system\View\View.php(220): include('D:\\xampp\\htdocs...')
#2 D:\xampp\htdocs\ci4\vendor\codeigniter4\framework\system\View\View.php(222): CodeIgniter\View\View->CodeIgniter\View\{closure}()
#3 D:\xampp\htdocs\ci4\vendor\codeigniter4\framework\system\View\View.php(468): CodeIgniter\View\View->render('template/sideba...', NULL, true)
#4 D:\xampp\htdocs\ci4\app\Views\template\template.php(75): CodeIgniter\View\View->include('template/sideba...')
#5 D:\xampp\htdocs\ci4\vendor\codeigniter4\framework\system\View\View.php(220): include('D:\\xampp\\htdocs...')
#6 D:\xampp\htdocs\ci4\vendor\codeigniter4\framework\system\View\View.php(222): CodeIgniter\View\View->CodeIgniter\View\{closure}()
#7 D:\xampp\htdocs\ci4\vendor\codeigniter4\framework\system\View\View.php(236): CodeIgniter\View\View->render('template/templa...', Array, true)
#8 D:\xampp\htdocs\ci4\vendor\codeigniter4\framework\system\Common.php(1217): CodeIgniter\View\View->render('admin/suratmasu...', Array, true)
#9 D:\xampp\htdocs\ci4\app\Controllers\Admin\SuratMasuk.php(29): view('admin/suratmasu...', Array)
#10 D:\xampp\htdocs\ci4\vendor\codeigniter4\framework\system\CodeIgniter.php(936): App\Controllers\Admin\SuratMasuk->index()
#11 D:\xampp\htdocs\ci4\vendor\codeigniter4\framework\system\CodeIgniter.php(432): CodeIgniter\CodeIgniter->runController(Object(App\Controllers\Admin\SuratMasuk))
#12 D:\xampp\htdocs\ci4\vendor\codeigniter4\framework\system\CodeIgniter.php(333): CodeIgniter\CodeIgniter->handleRequest(NULL, Object(Config\Cache), false)
#13 D:\xampp\htdocs\ci4\public\index.php(44): CodeIgniter\CodeIgniter->run()
#14 D:\xampp\htdocs\ci4\vendor\codeigniter4\framework\system\Commands\Server\rewrite.php(45): require_once('D:\\xampp\\htdocs...')
#15 {main}
ERROR - 2021-03-22 23:54:15 --> mysqli_sql_exception: Cannot delete or update a parent row: a foreign key constraint fails (`db_persuratan`.`disposisi`, CONSTRAINT `disposisi_ibfk_1` FOREIGN KEY (`id_surat`) REFERENCES `surat_masuk` (`id_surat`)) in D:\xampp\htdocs\ci4\vendor\codeigniter4\framework\system\Database\MySQLi\Connection.php:314
Stack trace:
#0 D:\xampp\htdocs\ci4\vendor\codeigniter4\framework\system\Database\MySQLi\Connection.php(314): mysqli->query('DELETE FROM `su...')
#1 D:\xampp\htdocs\ci4\vendor\codeigniter4\framework\system\Database\BaseConnection.php(713): CodeIgniter\Database\MySQLi\Connection->execute('DELETE FROM `su...')
#2 D:\xampp\htdocs\ci4\vendor\codeigniter4\framework\system\Database\BaseConnection.php(641): CodeIgniter\Database\BaseConnection->simpleQuery('DELETE FROM `su...')
#3 D:\xampp\htdocs\ci4\vendor\codeigniter4\framework\system\Database\BaseBuilder.php(2864): CodeIgniter\Database\BaseConnection->query('DELETE FROM `su...', Array, false)
#4 D:\xampp\htdocs\ci4\vendor\codeigniter4\framework\system\Model.php(422): CodeIgniter\Database\BaseBuilder->delete()
#5 D:\xampp\htdocs\ci4\vendor\codeigniter4\framework\system\BaseModel.php(1009): CodeIgniter\Model->doDelete(Array, false)
#6 D:\xampp\htdocs\ci4\app\Controllers\Admin\SuratMasuk.php(233): CodeIgniter\BaseModel->delete(Array)
#7 D:\xampp\htdocs\ci4\vendor\codeigniter4\framework\system\CodeIgniter.php(936): App\Controllers\Admin\SuratMasuk->hapus('2')
#8 D:\xampp\htdocs\ci4\vendor\codeigniter4\framework\system\CodeIgniter.php(432): CodeIgniter\CodeIgniter->runController(Object(App\Controllers\Admin\SuratMasuk))
#9 D:\xampp\htdocs\ci4\vendor\codeigniter4\framework\system\CodeIgniter.php(333): CodeIgniter\CodeIgniter->handleRequest(NULL, Object(Config\Cache), false)
#10 D:\xampp\htdocs\ci4\public\index.php(44): CodeIgniter\CodeIgniter->run()
#11 D:\xampp\htdocs\ci4\vendor\codeigniter4\framework\system\Commands\Server\rewrite.php(45): require_once('D:\\xampp\\htdocs...')
#12 {main}
CRITICAL - 2021-03-22 23:54:15 --> Cannot delete or update a parent row: a foreign key constraint fails (`db_persuratan`.`disposisi`, CONSTRAINT `disposisi_ibfk_1` FOREIGN KEY (`id_surat`) REFERENCES `surat_masuk` (`id_surat`))
#0 D:\xampp\htdocs\ci4\vendor\codeigniter4\framework\system\Database\MySQLi\Connection.php(314): mysqli->query('DELETE FROM `su...')
#1 D:\xampp\htdocs\ci4\vendor\codeigniter4\framework\system\Database\BaseConnection.php(713): CodeIgniter\Database\MySQLi\Connection->execute('DELETE FROM `su...')
#2 D:\xampp\htdocs\ci4\vendor\codeigniter4\framework\system\Database\BaseConnection.php(641): CodeIgniter\Database\BaseConnection->simpleQuery('DELETE FROM `su...')
#3 D:\xampp\htdocs\ci4\vendor\codeigniter4\framework\system\Database\BaseBuilder.php(2864): CodeIgniter\Database\BaseConnection->query('DELETE FROM `su...', Array, false)
#4 D:\xampp\htdocs\ci4\vendor\codeigniter4\framework\system\Model.php(422): CodeIgniter\Database\BaseBuilder->delete()
#5 D:\xampp\htdocs\ci4\vendor\codeigniter4\framework\system\BaseModel.php(1009): CodeIgniter\Model->doDelete(Array, false)
#6 D:\xampp\htdocs\ci4\app\Controllers\Admin\SuratMasuk.php(233): CodeIgniter\BaseModel->delete(Array)
#7 D:\xampp\htdocs\ci4\vendor\codeigniter4\framework\system\CodeIgniter.php(936): App\Controllers\Admin\SuratMasuk->hapus('2')
#8 D:\xampp\htdocs\ci4\vendor\codeigniter4\framework\system\CodeIgniter.php(432): CodeIgniter\CodeIgniter->runController(Object(App\Controllers\Admin\SuratMasuk))
#9 D:\xampp\htdocs\ci4\vendor\codeigniter4\framework\system\CodeIgniter.php(333): CodeIgniter\CodeIgniter->handleRequest(NULL, Object(Config\Cache), false)
#10 D:\xampp\htdocs\ci4\public\index.php(44): CodeIgniter\CodeIgniter->run()
#11 D:\xampp\htdocs\ci4\vendor\codeigniter4\framework\system\Commands\Server\rewrite.php(45): require_once('D:\\xampp\\htdocs...')
#12 {main}
ERROR - 2021-03-22 23:54:37 --> mysqli_sql_exception: Cannot delete or update a parent row: a foreign key constraint fails (`db_persuratan`.`disposisi`, CONSTRAINT `disposisi_ibfk_1` FOREIGN KEY (`id_surat`) REFERENCES `surat_masuk` (`id_surat`)) in D:\xampp\htdocs\ci4\vendor\codeigniter4\framework\system\Database\MySQLi\Connection.php:314
Stack trace:
#0 D:\xampp\htdocs\ci4\vendor\codeigniter4\framework\system\Database\MySQLi\Connection.php(314): mysqli->query('DELETE FROM `su...')
#1 D:\xampp\htdocs\ci4\vendor\codeigniter4\framework\system\Database\BaseConnection.php(713): CodeIgniter\Database\MySQLi\Connection->execute('DELETE FROM `su...')
#2 D:\xampp\htdocs\ci4\vendor\codeigniter4\framework\system\Database\BaseConnection.php(641): CodeIgniter\Database\BaseConnection->simpleQuery('DELETE FROM `su...')
#3 D:\xampp\htdocs\ci4\vendor\codeigniter4\framework\system\Database\BaseBuilder.php(2864): CodeIgniter\Database\BaseConnection->query('DELETE FROM `su...', Array, false)
#4 D:\xampp\htdocs\ci4\vendor\codeigniter4\framework\system\Model.php(422): CodeIgniter\Database\BaseBuilder->delete()
#5 D:\xampp\htdocs\ci4\vendor\codeigniter4\framework\system\BaseModel.php(1009): CodeIgniter\Model->doDelete(Array, false)
#6 D:\xampp\htdocs\ci4\app\Controllers\Admin\SuratMasuk.php(233): CodeIgniter\BaseModel->delete(Array)
#7 D:\xampp\htdocs\ci4\vendor\codeigniter4\framework\system\CodeIgniter.php(936): App\Controllers\Admin\SuratMasuk->hapus('2')
#8 D:\xampp\htdocs\ci4\vendor\codeigniter4\framework\system\CodeIgniter.php(432): CodeIgniter\CodeIgniter->runController(Object(App\Controllers\Admin\SuratMasuk))
#9 D:\xampp\htdocs\ci4\vendor\codeigniter4\framework\system\CodeIgniter.php(333): CodeIgniter\CodeIgniter->handleRequest(NULL, Object(Config\Cache), false)
#10 D:\xampp\htdocs\ci4\public\index.php(44): CodeIgniter\CodeIgniter->run()
#11 D:\xampp\htdocs\ci4\vendor\codeigniter4\framework\system\Commands\Server\rewrite.php(45): require_once('D:\\xampp\\htdocs...')
#12 {main}
CRITICAL - 2021-03-22 23:54:37 --> Cannot delete or update a parent row: a foreign key constraint fails (`db_persuratan`.`disposisi`, CONSTRAINT `disposisi_ibfk_1` FOREIGN KEY (`id_surat`) REFERENCES `surat_masuk` (`id_surat`))
#0 D:\xampp\htdocs\ci4\vendor\codeigniter4\framework\system\Database\MySQLi\Connection.php(314): mysqli->query('DELETE FROM `su...')
#1 D:\xampp\htdocs\ci4\vendor\codeigniter4\framework\system\Database\BaseConnection.php(713): CodeIgniter\Database\MySQLi\Connection->execute('DELETE FROM `su...')
#2 D:\xampp\htdocs\ci4\vendor\codeigniter4\framework\system\Database\BaseConnection.php(641): CodeIgniter\Database\BaseConnection->simpleQuery('DELETE FROM `su...')
#3 D:\xampp\htdocs\ci4\vendor\codeigniter4\framework\system\Database\BaseBuilder.php(2864): CodeIgniter\Database\BaseConnection->query('DELETE FROM `su...', Array, false)
#4 D:\xampp\htdocs\ci4\vendor\codeigniter4\framework\system\Model.php(422): CodeIgniter\Database\BaseBuilder->delete()
#5 D:\xampp\htdocs\ci4\vendor\codeigniter4\framework\system\BaseModel.php(1009): CodeIgniter\Model->doDelete(Array, false)
#6 D:\xampp\htdocs\ci4\app\Controllers\Admin\SuratMasuk.php(233): CodeIgniter\BaseModel->delete(Array)
#7 D:\xampp\htdocs\ci4\vendor\codeigniter4\framework\system\CodeIgniter.php(936): App\Controllers\Admin\SuratMasuk->hapus('2')
#8 D:\xampp\htdocs\ci4\vendor\codeigniter4\framework\system\CodeIgniter.php(432): CodeIgniter\CodeIgniter->runController(Object(App\Controllers\Admin\SuratMasuk))
#9 D:\xampp\htdocs\ci4\vendor\codeigniter4\framework\system\CodeIgniter.php(333): CodeIgniter\CodeIgniter->handleRequest(NULL, Object(Config\Cache), false)
#10 D:\xampp\htdocs\ci4\public\index.php(44): CodeIgniter\CodeIgniter->run()
#11 D:\xampp\htdocs\ci4\vendor\codeigniter4\framework\system\Commands\Server\rewrite.php(45): require_once('D:\\xampp\\htdocs...')
#12 {main}
ERROR - 2021-03-22 23:55:49 --> mysqli_sql_exception: Cannot delete or update a parent row: a foreign key constraint fails (`db_persuratan`.`disposisi`, CONSTRAINT `disposisi_ibfk_1` FOREIGN KEY (`id_surat`) REFERENCES `surat_masuk` (`id_surat`) ON DELETE NO ACTION ON UPDATE NO ACTION) in D:\xampp\htdocs\ci4\vendor\codeigniter4\framework\system\Database\MySQLi\Connection.php:314
Stack trace:
#0 D:\xampp\htdocs\ci4\vendor\codeigniter4\framework\system\Database\MySQLi\Connection.php(314): mysqli->query('DELETE FROM `su...')
#1 D:\xampp\htdocs\ci4\vendor\codeigniter4\framework\system\Database\BaseConnection.php(713): CodeIgniter\Database\MySQLi\Connection->execute('DELETE FROM `su...')
#2 D:\xampp\htdocs\ci4\vendor\codeigniter4\framework\system\Database\BaseConnection.php(641): CodeIgniter\Database\BaseConnection->simpleQuery('DELETE FROM `su...')
#3 D:\xampp\htdocs\ci4\vendor\codeigniter4\framework\system\Database\BaseBuilder.php(2864): CodeIgniter\Database\BaseConnection->query('DELETE FROM `su...', Array, false)
#4 D:\xampp\htdocs\ci4\vendor\codeigniter4\framework\system\Model.php(422): CodeIgniter\Database\BaseBuilder->delete()
#5 D:\xampp\htdocs\ci4\vendor\codeigniter4\framework\system\BaseModel.php(1009): CodeIgniter\Model->doDelete(Array, false)
#6 D:\xampp\htdocs\ci4\app\Controllers\Admin\SuratMasuk.php(233): CodeIgniter\BaseModel->delete(Array)
#7 D:\xampp\htdocs\ci4\vendor\codeigniter4\framework\system\CodeIgniter.php(936): App\Controllers\Admin\SuratMasuk->hapus('2')
#8 D:\xampp\htdocs\ci4\vendor\codeigniter4\framework\system\CodeIgniter.php(432): CodeIgniter\CodeIgniter->runController(Object(App\Controllers\Admin\SuratMasuk))
#9 D:\xampp\htdocs\ci4\vendor\codeigniter4\framework\system\CodeIgniter.php(333): CodeIgniter\CodeIgniter->handleRequest(NULL, Object(Config\Cache), false)
#10 D:\xampp\htdocs\ci4\public\index.php(44): CodeIgniter\CodeIgniter->run()
#11 D:\xampp\htdocs\ci4\vendor\codeigniter4\framework\system\Commands\Server\rewrite.php(45): require_once('D:\\xampp\\htdocs...')
#12 {main}
CRITICAL - 2021-03-22 23:55:49 --> Cannot delete or update a parent row: a foreign key constraint fails (`db_persuratan`.`disposisi`, CONSTRAINT `disposisi_ibfk_1` FOREIGN KEY (`id_surat`) REFERENCES `surat_masuk` (`id_surat`) ON DELETE NO ACTION ON UPDATE NO ACTION)
#0 D:\xampp\htdocs\ci4\vendor\codeigniter4\framework\system\Database\MySQLi\Connection.php(314): mysqli->query('DELETE FROM `su...')
#1 D:\xampp\htdocs\ci4\vendor\codeigniter4\framework\system\Database\BaseConnection.php(713): CodeIgniter\Database\MySQLi\Connection->execute('DELETE FROM `su...')
#2 D:\xampp\htdocs\ci4\vendor\codeigniter4\framework\system\Database\BaseConnection.php(641): CodeIgniter\Database\BaseConnection->simpleQuery('DELETE FROM `su...')
#3 D:\xampp\htdocs\ci4\vendor\codeigniter4\framework\system\Database\BaseBuilder.php(2864): CodeIgniter\Database\BaseConnection->query('DELETE FROM `su...', Array, false)
#4 D:\xampp\htdocs\ci4\vendor\codeigniter4\framework\system\Model.php(422): CodeIgniter\Database\BaseBuilder->delete()
#5 D:\xampp\htdocs\ci4\vendor\codeigniter4\framework\system\BaseModel.php(1009): CodeIgniter\Model->doDelete(Array, false)
#6 D:\xampp\htdocs\ci4\app\Controllers\Admin\SuratMasuk.php(233): CodeIgniter\BaseModel->delete(Array)
#7 D:\xampp\htdocs\ci4\vendor\codeigniter4\framework\system\CodeIgniter.php(936): App\Controllers\Admin\SuratMasuk->hapus('2')
#8 D:\xampp\htdocs\ci4\vendor\codeigniter4\framework\system\CodeIgniter.php(432): CodeIgniter\CodeIgniter->runController(Object(App\Controllers\Admin\SuratMasuk))
#9 D:\xampp\htdocs\ci4\vendor\codeigniter4\framework\system\CodeIgniter.php(333): CodeIgniter\CodeIgniter->handleRequest(NULL, Object(Config\Cache), false)
#10 D:\xampp\htdocs\ci4\public\index.php(44): CodeIgniter\CodeIgniter->run()
#11 D:\xampp\htdocs\ci4\vendor\codeigniter4\framework\system\Commands\Server\rewrite.php(45): require_once('D:\\xampp\\htdocs...')
#12 {main}
